фев 26, 2020 7:33:20 PM org.apache.catalina.startup.VersionLoggerListener log
INFO: Server version name:   Apache Tomcat/7.0.100
фев 26, 2020 7:33:21 PM org.apache.catalina.startup.VersionLoggerListener log
INFO: Server built:          Feb 11 2020 08:31:12 UTC
фев 26, 2020 7:33:21 PM org.apache.catalina.startup.VersionLoggerListener log
INFO: Server version number: 7.0.100.0
фев 26, 2020 7:33:21 PM org.apache.catalina.startup.VersionLoggerListener log
INFO: OS Name:               Windows 10
фев 26, 2020 7:33:21 PM org.apache.catalina.startup.VersionLoggerListener log
INFO: OS Version:            10.0
фев 26, 2020 7:33:21 PM org.apache.catalina.startup.VersionLoggerListener log
INFO: Architecture:          amd64
фев 26, 2020 7:33:21 PM org.apache.catalina.startup.VersionLoggerListener log
INFO: Java Home:             C:\Program Files\Java\jre1.8.0_181
фев 26, 2020 7:33:21 PM org.apache.catalina.startup.VersionLoggerListener log
INFO: JVM Version:           1.8.0_181-b13
фев 26, 2020 7:33:21 PM org.apache.catalina.startup.VersionLoggerListener log
INFO: JVM Vendor:            Oracle Corporation
фев 26, 2020 7:33:21 PM org.apache.catalina.startup.VersionLoggerListener log
INFO: CATALINA_BASE:         D:\RSOI\apache-tomcat-7.0.100
фев 26, 2020 7:33:21 PM org.apache.catalina.startup.VersionLoggerListener log
INFO: CATALINA_HOME:         D:\RSOI\apache-tomcat-7.0.100
фев 26, 2020 7:33:21 PM org.apache.catalina.startup.VersionLoggerListener log
INFO: Command line argument: -Djava.util.logging.config.file=D:\RSOI\apache-tomcat-7.0.100\conf\logging.properties
фев 26, 2020 7:33:21 PM org.apache.catalina.startup.VersionLoggerListener log
INFO: Command line argument: -Djava.util.logging.manager=org.apache.juli.ClassLoaderLogManager
фев 26, 2020 7:33:21 PM org.apache.catalina.startup.VersionLoggerListener log
INFO: Command line argument: -Djdk.tls.ephemeralDHKeySize=2048
фев 26, 2020 7:33:21 PM org.apache.catalina.startup.VersionLoggerListener log
INFO: Command line argument: -Dignore.endorsed.dirs=
фев 26, 2020 7:33:21 PM org.apache.catalina.startup.VersionLoggerListener log
INFO: Command line argument: -Dcatalina.base=D:\RSOI\apache-tomcat-7.0.100
фев 26, 2020 7:33:21 PM org.apache.catalina.startup.VersionLoggerListener log
INFO: Command line argument: -Dcatalina.home=D:\RSOI\apache-tomcat-7.0.100
фев 26, 2020 7:33:21 PM org.apache.catalina.startup.VersionLoggerListener log
INFO: Command line argument: -Djava.io.tmpdir=D:\RSOI\apache-tomcat-7.0.100\temp
фев 26, 2020 7:33:21 PM org.apache.catalina.core.AprLifecycleListener lifecycleEvent
INFO: Loaded APR based Apache Tomcat Native library [1.2.23] using APR version [1.7.0].
фев 26, 2020 7:33:21 PM org.apache.catalina.core.AprLifecycleListener lifecycleEvent
INFO: APR capabilities: IPv6 [true], sendfile [true], accept filters [false], random [true].
фев 26, 2020 7:33:21 PM org.apache.catalina.core.AprLifecycleListener initializeSSL
INFO: OpenSSL successfully initialized [OpenSSL 1.1.1c  28 May 2019]
фев 26, 2020 7:33:23 PM org.apache.coyote.AbstractProtocol init
INFO: Initializing ProtocolHandler ["http-apr-8080"]
фев 26, 2020 7:33:23 PM org.apache.catalina.startup.Catalina load
INFO: Initialization processed in 6224 ms
фев 26, 2020 7:33:23 PM org.apache.catalina.core.StandardService startInternal
INFO: Starting service [Catalina]
фев 26, 2020 7:33:23 PM org.apache.catalina.core.StandardEngine startInternal
INFO: Starting Servlet Engine: Apache Tomcat/7.0.100
фев 26, 2020 7:33:23 PM org.apache.catalina.startup.HostConfig deployDirectory
INFO: Установка веб приложения в папку [D:\RSOI\apache-tomcat-7.0.100\webapps\axis]
фев 26, 2020 7:33:29 PM org.apache.catalina.startup.TldConfig execute
INFO: At least one JAR was scanned for TLDs yet contained no TLDs. Enable debug logging for this logger for a complete list of JARs that were scanned but no TLDs were found in them. Skipping unneeded JARs during scanning can improve startup time and JSP compilation time.
фев 26, 2020 7:33:29 PM org.apache.catalina.util.SessionIdGeneratorBase createSecureRandom
WARNING: Creation of SecureRandom instance for session ID generation using [SHA1PRNG] took [237] milliseconds.
фев 26, 2020 7:33:30 PM org.apache.catalina.startup.HostConfig deployDirectory
INFO: Deployment of web application directory [D:\RSOI\apache-tomcat-7.0.100\webapps\axis] has finished in [7 028] ms
фев 26, 2020 7:33:30 PM org.apache.catalina.startup.HostConfig deployDirectory
INFO: Установка веб приложения в папку [D:\RSOI\apache-tomcat-7.0.100\webapps\docs]
фев 26, 2020 7:33:30 PM org.apache.catalina.startup.TldConfig execute
INFO: At least one JAR was scanned for TLDs yet contained no TLDs. Enable debug logging for this logger for a complete list of JARs that were scanned but no TLDs were found in them. Skipping unneeded JARs during scanning can improve startup time and JSP compilation time.
фев 26, 2020 7:33:30 PM org.apache.catalina.startup.HostConfig deployDirectory
INFO: Deployment of web application directory [D:\RSOI\apache-tomcat-7.0.100\webapps\docs] has finished in [321] ms
фев 26, 2020 7:33:30 PM org.apache.catalina.startup.HostConfig deployDirectory
INFO: Установка веб приложения в папку [D:\RSOI\apache-tomcat-7.0.100\webapps\examples]
фев 26, 2020 7:33:32 PM org.apache.catalina.startup.TldConfig execute
INFO: At least one JAR was scanned for TLDs yet contained no TLDs. Enable debug logging for this logger for a complete list of JARs that were scanned but no TLDs were found in them. Skipping unneeded JARs during scanning can improve startup time and JSP compilation time.
фев 26, 2020 7:33:32 PM org.apache.catalina.startup.HostConfig deployDirectory
INFO: Deployment of web application directory [D:\RSOI\apache-tomcat-7.0.100\webapps\examples] has finished in [1 537] ms
фев 26, 2020 7:33:32 PM org.apache.catalina.startup.HostConfig deployDirectory
INFO: Установка веб приложения в папку [D:\RSOI\apache-tomcat-7.0.100\webapps\host-manager]
фев 26, 2020 7:33:32 PM org.apache.catalina.startup.TldConfig execute
INFO: At least one JAR was scanned for TLDs yet contained no TLDs. Enable debug logging for this logger for a complete list of JARs that were scanned but no TLDs were found in them. Skipping unneeded JARs during scanning can improve startup time and JSP compilation time.
фев 26, 2020 7:33:32 PM org.apache.catalina.startup.HostConfig deployDirectory
INFO: Deployment of web application directory [D:\RSOI\apache-tomcat-7.0.100\webapps\host-manager] has finished in [357] ms
фев 26, 2020 7:33:32 PM org.apache.catalina.startup.HostConfig deployDirectory
INFO: Установка веб приложения в папку [D:\RSOI\apache-tomcat-7.0.100\webapps\manager]
фев 26, 2020 7:33:32 PM org.apache.catalina.startup.TldConfig execute
INFO: At least one JAR was scanned for TLDs yet contained no TLDs. Enable debug logging for this logger for a complete list of JARs that were scanned but no TLDs were found in them. Skipping unneeded JARs during scanning can improve startup time and JSP compilation time.
фев 26, 2020 7:33:32 PM org.apache.catalina.startup.HostConfig deployDirectory
INFO: Deployment of web application directory [D:\RSOI\apache-tomcat-7.0.100\webapps\manager] has finished in [273] ms
фев 26, 2020 7:33:32 PM org.apache.catalina.startup.HostConfig deployDirectory
INFO: Установка веб приложения в папку [D:\RSOI\apache-tomcat-7.0.100\webapps\ROOT]
фев 26, 2020 7:33:33 PM org.apache.catalina.startup.TldConfig execute
INFO: At least one JAR was scanned for TLDs yet contained no TLDs. Enable debug logging for this logger for a complete list of JARs that were scanned but no TLDs were found in them. Skipping unneeded JARs during scanning can improve startup time and JSP compilation time.
фев 26, 2020 7:33:33 PM org.apache.catalina.startup.HostConfig deployDirectory
INFO: Deployment of web application directory [D:\RSOI\apache-tomcat-7.0.100\webapps\ROOT] has finished in [280] ms
фев 26, 2020 7:33:33 PM org.apache.coyote.AbstractProtocol start
INFO: Starting ProtocolHandler ["http-apr-8080"]
фев 26, 2020 7:33:33 PM org.apache.catalina.startup.Catalina start
INFO: Server startup in 10048 ms
фев 26, 2020 7:34:23 PM org.apache.catalina.startup.VersionLoggerListener log
INFO: Server version name:   Apache Tomcat/7.0.100
фев 26, 2020 7:34:23 PM org.apache.catalina.startup.VersionLoggerListener log
INFO: Server built:          Feb 11 2020 08:31:12 UTC
фев 26, 2020 7:34:23 PM org.apache.catalina.startup.VersionLoggerListener log
INFO: Server version number: 7.0.100.0
фев 26, 2020 7:34:23 PM org.apache.catalina.startup.VersionLoggerListener log
INFO: OS Name:               Windows 10
фев 26, 2020 7:34:23 PM org.apache.catalina.startup.VersionLoggerListener log
INFO: OS Version:            10.0
фев 26, 2020 7:34:23 PM org.apache.catalina.startup.VersionLoggerListener log
INFO: Architecture:          amd64
фев 26, 2020 7:34:23 PM org.apache.catalina.startup.VersionLoggerListener log
INFO: Java Home:             C:\Program Files\Java\jre1.8.0_181
фев 26, 2020 7:34:23 PM org.apache.catalina.startup.VersionLoggerListener log
INFO: JVM Version:           1.8.0_181-b13
фев 26, 2020 7:34:23 PM org.apache.catalina.startup.VersionLoggerListener log
INFO: JVM Vendor:            Oracle Corporation
фев 26, 2020 7:34:23 PM org.apache.catalina.startup.VersionLoggerListener log
INFO: CATALINA_BASE:         D:\RSOI\apache-tomcat-7.0.100
фев 26, 2020 7:34:23 PM org.apache.catalina.startup.VersionLoggerListener log
INFO: CATALINA_HOME:         D:\RSOI\apache-tomcat-7.0.100
фев 26, 2020 7:34:23 PM org.apache.catalina.startup.VersionLoggerListener log
INFO: Command line argument: -Djava.util.logging.config.file=D:\RSOI\apache-tomcat-7.0.100\conf\logging.properties
фев 26, 2020 7:34:23 PM org.apache.catalina.startup.VersionLoggerListener log
INFO: Command line argument: -Djava.util.logging.manager=org.apache.juli.ClassLoaderLogManager
фев 26, 2020 7:34:23 PM org.apache.catalina.startup.VersionLoggerListener log
INFO: Command line argument: -Djdk.tls.ephemeralDHKeySize=2048
фев 26, 2020 7:34:23 PM org.apache.catalina.startup.VersionLoggerListener log
INFO: Command line argument: -Dignore.endorsed.dirs=
фев 26, 2020 7:34:23 PM org.apache.catalina.startup.VersionLoggerListener log
INFO: Command line argument: -Dcatalina.base=D:\RSOI\apache-tomcat-7.0.100
фев 26, 2020 7:34:23 PM org.apache.catalina.startup.VersionLoggerListener log
INFO: Command line argument: -Dcatalina.home=D:\RSOI\apache-tomcat-7.0.100
фев 26, 2020 7:34:23 PM org.apache.catalina.startup.VersionLoggerListener log
INFO: Command line argument: -Djava.io.tmpdir=D:\RSOI\apache-tomcat-7.0.100\temp
фев 26, 2020 7:34:23 PM org.apache.catalina.core.AprLifecycleListener lifecycleEvent
INFO: Loaded APR based Apache Tomcat Native library [1.2.23] using APR version [1.7.0].
фев 26, 2020 7:34:23 PM org.apache.catalina.core.AprLifecycleListener lifecycleEvent
INFO: APR capabilities: IPv6 [true], sendfile [true], accept filters [false], random [true].
фев 26, 2020 7:34:23 PM org.apache.catalina.core.AprLifecycleListener initializeSSL
INFO: OpenSSL successfully initialized [OpenSSL 1.1.1c  28 May 2019]
фев 26, 2020 7:34:24 PM org.apache.coyote.AbstractProtocol init
INFO: Initializing ProtocolHandler ["http-apr-8080"]
фев 26, 2020 7:34:24 PM org.apache.catalina.startup.Catalina load
INFO: Initialization processed in 1042 ms
фев 26, 2020 7:34:24 PM org.apache.catalina.core.StandardService startInternal
INFO: Starting service [Catalina]
фев 26, 2020 7:34:24 PM org.apache.catalina.core.StandardEngine startInternal
INFO: Starting Servlet Engine: Apache Tomcat/7.0.100
фев 26, 2020 7:34:24 PM org.apache.catalina.startup.HostConfig deployDirectory
INFO: Установка веб приложения в папку [D:\RSOI\apache-tomcat-7.0.100\webapps\axis]
фев 26, 2020 7:34:25 PM org.apache.catalina.startup.TldConfig execute
INFO: At least one JAR was scanned for TLDs yet contained no TLDs. Enable debug logging for this logger for a complete list of JARs that were scanned but no TLDs were found in them. Skipping unneeded JARs during scanning can improve startup time and JSP compilation time.
фев 26, 2020 7:34:25 PM org.apache.catalina.util.SessionIdGeneratorBase createSecureRandom
WARNING: Creation of SecureRandom instance for session ID generation using [SHA1PRNG] took [223] milliseconds.
фев 26, 2020 7:34:26 PM org.apache.catalina.startup.HostConfig deployDirectory
INFO: Deployment of web application directory [D:\RSOI\apache-tomcat-7.0.100\webapps\axis] has finished in [1 861] ms
фев 26, 2020 7:34:26 PM org.apache.catalina.startup.HostConfig deployDirectory
INFO: Установка веб приложения в папку [D:\RSOI\apache-tomcat-7.0.100\webapps\docs]
фев 26, 2020 7:34:26 PM org.apache.catalina.startup.TldConfig execute
INFO: At least one JAR was scanned for TLDs yet contained no TLDs. Enable debug logging for this logger for a complete list of JARs that were scanned but no TLDs were found in them. Skipping unneeded JARs during scanning can improve startup time and JSP compilation time.
фев 26, 2020 7:34:26 PM org.apache.catalina.startup.HostConfig deployDirectory
INFO: Deployment of web application directory [D:\RSOI\apache-tomcat-7.0.100\webapps\docs] has finished in [512] ms
фев 26, 2020 7:34:26 PM org.apache.catalina.startup.HostConfig deployDirectory
INFO: Установка веб приложения в папку [D:\RSOI\apache-tomcat-7.0.100\webapps\examples]
фев 26, 2020 7:34:27 PM org.apache.catalina.startup.TldConfig execute
INFO: At least one JAR was scanned for TLDs yet contained no TLDs. Enable debug logging for this logger for a complete list of JARs that were scanned but no TLDs were found in them. Skipping unneeded JARs during scanning can improve startup time and JSP compilation time.
фев 26, 2020 7:34:27 PM org.apache.catalina.startup.HostConfig deployDirectory
INFO: Deployment of web application directory [D:\RSOI\apache-tomcat-7.0.100\webapps\examples] has finished in [826] ms
фев 26, 2020 7:34:27 PM org.apache.catalina.startup.HostConfig deployDirectory
INFO: Установка веб приложения в папку [D:\RSOI\apache-tomcat-7.0.100\webapps\host-manager]
фев 26, 2020 7:34:27 PM org.apache.catalina.startup.TldConfig execute
INFO: At least one JAR was scanned for TLDs yet contained no TLDs. Enable debug logging for this logger for a complete list of JARs that were scanned but no TLDs were found in them. Skipping unneeded JARs during scanning can improve startup time and JSP compilation time.
фев 26, 2020 7:34:27 PM org.apache.catalina.startup.HostConfig deployDirectory
INFO: Deployment of web application directory [D:\RSOI\apache-tomcat-7.0.100\webapps\host-manager] has finished in [330] ms
фев 26, 2020 7:34:27 PM org.apache.catalina.startup.HostConfig deployDirectory
INFO: Установка веб приложения в папку [D:\RSOI\apache-tomcat-7.0.100\webapps\manager]
фев 26, 2020 7:34:28 PM org.apache.catalina.startup.TldConfig execute
INFO: At least one JAR was scanned for TLDs yet contained no TLDs. Enable debug logging for this logger for a complete list of JARs that were scanned but no TLDs were found in them. Skipping unneeded JARs during scanning can improve startup time and JSP compilation time.
фев 26, 2020 7:34:28 PM org.apache.catalina.startup.HostConfig deployDirectory
INFO: Deployment of web application directory [D:\RSOI\apache-tomcat-7.0.100\webapps\manager] has finished in [340] ms
фев 26, 2020 7:34:28 PM org.apache.catalina.startup.HostConfig deployDirectory
INFO: Установка веб приложения в папку [D:\RSOI\apache-tomcat-7.0.100\webapps\ROOT]
фев 26, 2020 7:34:28 PM org.apache.catalina.startup.TldConfig execute
INFO: At least one JAR was scanned for TLDs yet contained no TLDs. Enable debug logging for this logger for a complete list of JARs that were scanned but no TLDs were found in them. Skipping unneeded JARs during scanning can improve startup time and JSP compilation time.
фев 26, 2020 7:34:28 PM org.apache.catalina.startup.HostConfig deployDirectory
INFO: Deployment of web application directory [D:\RSOI\apache-tomcat-7.0.100\webapps\ROOT] has finished in [268] ms
фев 26, 2020 7:34:28 PM org.apache.coyote.AbstractProtocol start
INFO: Starting ProtocolHandler ["http-apr-8080"]
фев 26, 2020 7:34:28 PM org.apache.catalina.startup.Catalina start
INFO: Server startup in 4292 ms
фев 26, 2020 7:57:31 PM org.apache.catalina.core.StandardServer await
INFO: A valid shutdown command was received via the shutdown port. Stopping the Server instance.
фев 26, 2020 7:57:31 PM org.apache.coyote.AbstractProtocol pause
INFO: Pausing ProtocolHandler ["http-apr-8080"]
фев 26, 2020 7:57:31 PM org.apache.catalina.core.StandardService stopInternal
INFO: Stopping service [Catalina]
фев 26, 2020 7:57:32 PM org.apache.coyote.AbstractProtocol stop
INFO: Stopping ProtocolHandler ["http-apr-8080"]
фев 26, 2020 7:57:32 PM org.apache.coyote.AbstractProtocol destroy
INFO: Destroying ProtocolHandler ["http-apr-8080"]
фев 26, 2020 7:57:34 PM org.apache.catalina.startup.VersionLoggerListener log
INFO: Server version name:   Apache Tomcat/7.0.100
фев 26, 2020 7:57:34 PM org.apache.catalina.startup.VersionLoggerListener log
INFO: Server built:          Feb 11 2020 08:31:12 UTC
фев 26, 2020 7:57:34 PM org.apache.catalina.startup.VersionLoggerListener log
INFO: Server version number: 7.0.100.0
фев 26, 2020 7:57:34 PM org.apache.catalina.startup.VersionLoggerListener log
INFO: OS Name:               Windows 10
фев 26, 2020 7:57:34 PM org.apache.catalina.startup.VersionLoggerListener log
INFO: OS Version:            10.0
фев 26, 2020 7:57:34 PM org.apache.catalina.startup.VersionLoggerListener log
INFO: Architecture:          amd64
фев 26, 2020 7:57:34 PM org.apache.catalina.startup.VersionLoggerListener log
INFO: Java Home:             C:\Program Files\Java\jre1.8.0_181
фев 26, 2020 7:57:34 PM org.apache.catalina.startup.VersionLoggerListener log
INFO: JVM Version:           1.8.0_181-b13
фев 26, 2020 7:57:34 PM org.apache.catalina.startup.VersionLoggerListener log
INFO: JVM Vendor:            Oracle Corporation
фев 26, 2020 7:57:34 PM org.apache.catalina.startup.VersionLoggerListener log
INFO: CATALINA_BASE:         D:\RSOI\apache-tomcat-7.0.100
фев 26, 2020 7:57:34 PM org.apache.catalina.startup.VersionLoggerListener log
INFO: CATALINA_HOME:         D:\RSOI\apache-tomcat-7.0.100
фев 26, 2020 7:57:34 PM org.apache.catalina.startup.VersionLoggerListener log
INFO: Command line argument: -Djava.util.logging.config.file=D:\RSOI\apache-tomcat-7.0.100\conf\logging.properties
фев 26, 2020 7:57:34 PM org.apache.catalina.startup.VersionLoggerListener log
INFO: Command line argument: -Djava.util.logging.manager=org.apache.juli.ClassLoaderLogManager
фев 26, 2020 7:57:34 PM org.apache.catalina.startup.VersionLoggerListener log
INFO: Command line argument: -Djdk.tls.ephemeralDHKeySize=2048
фев 26, 2020 7:57:34 PM org.apache.catalina.startup.VersionLoggerListener log
INFO: Command line argument: -Dignore.endorsed.dirs=
фев 26, 2020 7:57:34 PM org.apache.catalina.startup.VersionLoggerListener log
INFO: Command line argument: -Dcatalina.base=D:\RSOI\apache-tomcat-7.0.100
фев 26, 2020 7:57:35 PM org.apache.catalina.startup.VersionLoggerListener log
INFO: Command line argument: -Dcatalina.home=D:\RSOI\apache-tomcat-7.0.100
фев 26, 2020 7:57:35 PM org.apache.catalina.startup.VersionLoggerListener log
INFO: Command line argument: -Djava.io.tmpdir=D:\RSOI\apache-tomcat-7.0.100\temp
фев 26, 2020 7:57:35 PM org.apache.catalina.core.AprLifecycleListener lifecycleEvent
INFO: Loaded APR based Apache Tomcat Native library [1.2.23] using APR version [1.7.0].
фев 26, 2020 7:57:35 PM org.apache.catalina.core.AprLifecycleListener lifecycleEvent
INFO: APR capabilities: IPv6 [true], sendfile [true], accept filters [false], random [true].
фев 26, 2020 7:57:35 PM org.apache.catalina.core.AprLifecycleListener initializeSSL
INFO: OpenSSL successfully initialized [OpenSSL 1.1.1c  28 May 2019]
фев 26, 2020 7:57:35 PM org.apache.coyote.AbstractProtocol init
INFO: Initializing ProtocolHandler ["http-apr-8080"]
фев 26, 2020 7:57:35 PM org.apache.catalina.startup.Catalina load
INFO: Initialization processed in 987 ms
фев 26, 2020 7:57:35 PM org.apache.catalina.core.StandardService startInternal
INFO: Starting service [Catalina]
фев 26, 2020 7:57:35 PM org.apache.catalina.core.StandardEngine startInternal
INFO: Starting Servlet Engine: Apache Tomcat/7.0.100
фев 26, 2020 7:57:35 PM org.apache.catalina.startup.HostConfig deployDirectory
INFO: Установка веб приложения в папку [D:\RSOI\apache-tomcat-7.0.100\webapps\axis]
фев 26, 2020 7:57:37 PM org.apache.catalina.startup.TldConfig execute
INFO: At least one JAR was scanned for TLDs yet contained no TLDs. Enable debug logging for this logger for a complete list of JARs that were scanned but no TLDs were found in them. Skipping unneeded JARs during scanning can improve startup time and JSP compilation time.
фев 26, 2020 7:57:37 PM org.apache.catalina.util.SessionIdGeneratorBase createSecureRandom
WARNING: Creation of SecureRandom instance for session ID generation using [SHA1PRNG] took [193] milliseconds.
фев 26, 2020 7:57:37 PM org.apache.catalina.startup.HostConfig deployDirectory
INFO: Deployment of web application directory [D:\RSOI\apache-tomcat-7.0.100\webapps\axis] has finished in [2 432] ms
фев 26, 2020 7:57:37 PM org.apache.catalina.startup.HostConfig deployDirectory
INFO: Установка веб приложения в папку [D:\RSOI\apache-tomcat-7.0.100\webapps\docs]
фев 26, 2020 7:57:38 PM org.apache.catalina.startup.TldConfig execute
INFO: At least one JAR was scanned for TLDs yet contained no TLDs. Enable debug logging for this logger for a complete list of JARs that were scanned but no TLDs were found in them. Skipping unneeded JARs during scanning can improve startup time and JSP compilation time.
фев 26, 2020 7:57:38 PM org.apache.catalina.startup.HostConfig deployDirectory
INFO: Deployment of web application directory [D:\RSOI\apache-tomcat-7.0.100\webapps\docs] has finished in [343] ms
фев 26, 2020 7:57:38 PM org.apache.catalina.startup.HostConfig deployDirectory
INFO: Установка веб приложения в папку [D:\RSOI\apache-tomcat-7.0.100\webapps\examples]
фев 26, 2020 7:57:38 PM org.apache.catalina.startup.TldConfig execute
INFO: At least one JAR was scanned for TLDs yet contained no TLDs. Enable debug logging for this logger for a complete list of JARs that were scanned but no TLDs were found in them. Skipping unneeded JARs during scanning can improve startup time and JSP compilation time.
фев 26, 2020 7:57:38 PM org.apache.catalina.startup.HostConfig deployDirectory
INFO: Deployment of web application directory [D:\RSOI\apache-tomcat-7.0.100\webapps\examples] has finished in [664] ms
фев 26, 2020 7:57:38 PM org.apache.catalina.startup.HostConfig deployDirectory
INFO: Установка веб приложения в папку [D:\RSOI\apache-tomcat-7.0.100\webapps\host-manager]
фев 26, 2020 7:57:39 PM org.apache.catalina.startup.TldConfig execute
INFO: At least one JAR was scanned for TLDs yet contained no TLDs. Enable debug logging for this logger for a complete list of JARs that were scanned but no TLDs were found in them. Skipping unneeded JARs during scanning can improve startup time and JSP compilation time.
фев 26, 2020 7:57:39 PM org.apache.catalina.startup.HostConfig deployDirectory
INFO: Deployment of web application directory [D:\RSOI\apache-tomcat-7.0.100\webapps\host-manager] has finished in [358] ms
фев 26, 2020 7:57:39 PM org.apache.catalina.startup.HostConfig deployDirectory
INFO: Установка веб приложения в папку [D:\RSOI\apache-tomcat-7.0.100\webapps\manager]
фев 26, 2020 7:57:39 PM org.apache.catalina.startup.TldConfig execute
INFO: At least one JAR was scanned for TLDs yet contained no TLDs. Enable debug logging for this logger for a complete list of JARs that were scanned but no TLDs were found in them. Skipping unneeded JARs during scanning can improve startup time and JSP compilation time.
фев 26, 2020 7:57:39 PM org.apache.catalina.startup.HostConfig deployDirectory
INFO: Deployment of web application directory [D:\RSOI\apache-tomcat-7.0.100\webapps\manager] has finished in [250] ms
фев 26, 2020 7:57:39 PM org.apache.catalina.startup.HostConfig deployDirectory
INFO: Установка веб приложения в папку [D:\RSOI\apache-tomcat-7.0.100\webapps\ROOT]
фев 26, 2020 7:57:39 PM org.apache.catalina.startup.TldConfig execute
INFO: At least one JAR was scanned for TLDs yet contained no TLDs. Enable debug logging for this logger for a complete list of JARs that were scanned but no TLDs were found in them. Skipping unneeded JARs during scanning can improve startup time and JSP compilation time.
фев 26, 2020 7:57:39 PM org.apache.catalina.startup.HostConfig deployDirectory
INFO: Deployment of web application directory [D:\RSOI\apache-tomcat-7.0.100\webapps\ROOT] has finished in [279] ms
фев 26, 2020 7:57:39 PM org.apache.coyote.AbstractProtocol start
INFO: Starting ProtocolHandler ["http-apr-8080"]
фев 26, 2020 7:57:39 PM org.apache.catalina.startup.Catalina start
INFO: Server startup in 4511 ms
фев 26, 2020 8:11:46 PM org.apache.catalina.core.StandardServer await
INFO: A valid shutdown command was received via the shutdown port. Stopping the Server instance.
фев 26, 2020 8:11:46 PM org.apache.coyote.AbstractProtocol pause
INFO: Pausing ProtocolHandler ["http-apr-8080"]
фев 26, 2020 8:11:46 PM org.apache.catalina.core.StandardService stopInternal
INFO: Stopping service [Catalina]
фев 26, 2020 8:11:46 PM org.apache.coyote.AbstractProtocol stop
INFO: Stopping ProtocolHandler ["http-apr-8080"]
фев 26, 2020 8:11:46 PM org.apache.coyote.AbstractProtocol destroy
INFO: Destroying ProtocolHandler ["http-apr-8080"]
фев 26, 2020 8:11:49 PM org.apache.catalina.startup.VersionLoggerListener log
INFO: Server version name:   Apache Tomcat/7.0.100
фев 26, 2020 8:11:49 PM org.apache.catalina.startup.VersionLoggerListener log
INFO: Server built:          Feb 11 2020 08:31:12 UTC
фев 26, 2020 8:11:49 PM org.apache.catalina.startup.VersionLoggerListener log
INFO: Server version number: 7.0.100.0
фев 26, 2020 8:11:49 PM org.apache.catalina.startup.VersionLoggerListener log
INFO: OS Name:               Windows 10
фев 26, 2020 8:11:49 PM org.apache.catalina.startup.VersionLoggerListener log
INFO: OS Version:            10.0
фев 26, 2020 8:11:49 PM org.apache.catalina.startup.VersionLoggerListener log
INFO: Architecture:          amd64
фев 26, 2020 8:11:49 PM org.apache.catalina.startup.VersionLoggerListener log
INFO: Java Home:             C:\Program Files\Java\jre1.8.0_181
фев 26, 2020 8:11:49 PM org.apache.catalina.startup.VersionLoggerListener log
INFO: JVM Version:           1.8.0_181-b13
фев 26, 2020 8:11:49 PM org.apache.catalina.startup.VersionLoggerListener log
INFO: JVM Vendor:            Oracle Corporation
фев 26, 2020 8:11:49 PM org.apache.catalina.startup.VersionLoggerListener log
INFO: CATALINA_BASE:         D:\RSOI\apache-tomcat-7.0.100
фев 26, 2020 8:11:49 PM org.apache.catalina.startup.VersionLoggerListener log
INFO: CATALINA_HOME:         D:\RSOI\apache-tomcat-7.0.100
фев 26, 2020 8:11:49 PM org.apache.catalina.startup.VersionLoggerListener log
INFO: Command line argument: -Djava.util.logging.config.file=D:\RSOI\apache-tomcat-7.0.100\conf\logging.properties
фев 26, 2020 8:11:49 PM org.apache.catalina.startup.VersionLoggerListener log
INFO: Command line argument: -Djava.util.logging.manager=org.apache.juli.ClassLoaderLogManager
фев 26, 2020 8:11:49 PM org.apache.catalina.startup.VersionLoggerListener log
INFO: Command line argument: -Djdk.tls.ephemeralDHKeySize=2048
фев 26, 2020 8:11:49 PM org.apache.catalina.startup.VersionLoggerListener log
INFO: Command line argument: -Dignore.endorsed.dirs=
фев 26, 2020 8:11:49 PM org.apache.catalina.startup.VersionLoggerListener log
INFO: Command line argument: -Dcatalina.base=D:\RSOI\apache-tomcat-7.0.100
фев 26, 2020 8:11:49 PM org.apache.catalina.startup.VersionLoggerListener log
INFO: Command line argument: -Dcatalina.home=D:\RSOI\apache-tomcat-7.0.100
фев 26, 2020 8:11:49 PM org.apache.catalina.startup.VersionLoggerListener log
INFO: Command line argument: -Djava.io.tmpdir=D:\RSOI\apache-tomcat-7.0.100\temp
фев 26, 2020 8:11:49 PM org.apache.catalina.core.AprLifecycleListener lifecycleEvent
INFO: Loaded APR based Apache Tomcat Native library [1.2.23] using APR version [1.7.0].
фев 26, 2020 8:11:49 PM org.apache.catalina.core.AprLifecycleListener lifecycleEvent
INFO: APR capabilities: IPv6 [true], sendfile [true], accept filters [false], random [true].
фев 26, 2020 8:11:49 PM org.apache.catalina.core.AprLifecycleListener initializeSSL
INFO: OpenSSL successfully initialized [OpenSSL 1.1.1c  28 May 2019]
фев 26, 2020 8:11:50 PM org.apache.coyote.AbstractProtocol init
INFO: Initializing ProtocolHandler ["http-apr-8080"]
фев 26, 2020 8:11:50 PM org.apache.catalina.startup.Catalina load
INFO: Initialization processed in 2172 ms
фев 26, 2020 8:11:50 PM org.apache.catalina.core.StandardService startInternal
INFO: Starting service [Catalina]
фев 26, 2020 8:11:50 PM org.apache.catalina.core.StandardEngine startInternal
INFO: Starting Servlet Engine: Apache Tomcat/7.0.100
фев 26, 2020 8:11:50 PM org.apache.catalina.startup.HostConfig deployDirectory
INFO: Установка веб приложения в папку [D:\RSOI\apache-tomcat-7.0.100\webapps\axis]
фев 26, 2020 8:11:52 PM org.apache.catalina.startup.TldConfig execute
INFO: At least one JAR was scanned for TLDs yet contained no TLDs. Enable debug logging for this logger for a complete list of JARs that were scanned but no TLDs were found in them. Skipping unneeded JARs during scanning can improve startup time and JSP compilation time.
фев 26, 2020 8:11:52 PM org.apache.catalina.util.SessionIdGeneratorBase createSecureRandom
WARNING: Creation of SecureRandom instance for session ID generation using [SHA1PRNG] took [263] milliseconds.
фев 26, 2020 8:11:53 PM org.apache.catalina.startup.HostConfig deployDirectory
INFO: Deployment of web application directory [D:\RSOI\apache-tomcat-7.0.100\webapps\axis] has finished in [2 422] ms
фев 26, 2020 8:11:53 PM org.apache.catalina.startup.HostConfig deployDirectory
INFO: Установка веб приложения в папку [D:\RSOI\apache-tomcat-7.0.100\webapps\docs]
фев 26, 2020 8:11:53 PM org.apache.catalina.startup.TldConfig execute
INFO: At least one JAR was scanned for TLDs yet contained no TLDs. Enable debug logging for this logger for a complete list of JARs that were scanned but no TLDs were found in them. Skipping unneeded JARs during scanning can improve startup time and JSP compilation time.
фев 26, 2020 8:11:53 PM org.apache.catalina.startup.HostConfig deployDirectory
INFO: Deployment of web application directory [D:\RSOI\apache-tomcat-7.0.100\webapps\docs] has finished in [301] ms
фев 26, 2020 8:11:53 PM org.apache.catalina.startup.HostConfig deployDirectory
INFO: Установка веб приложения в папку [D:\RSOI\apache-tomcat-7.0.100\webapps\examples]
фев 26, 2020 8:11:54 PM org.apache.catalina.startup.TldConfig execute
INFO: At least one JAR was scanned for TLDs yet contained no TLDs. Enable debug logging for this logger for a complete list of JARs that were scanned but no TLDs were found in them. Skipping unneeded JARs during scanning can improve startup time and JSP compilation time.
фев 26, 2020 8:11:54 PM org.apache.catalina.startup.HostConfig deployDirectory
INFO: Deployment of web application directory [D:\RSOI\apache-tomcat-7.0.100\webapps\examples] has finished in [702] ms
фев 26, 2020 8:11:54 PM org.apache.catalina.startup.HostConfig deployDirectory
INFO: Установка веб приложения в папку [D:\RSOI\apache-tomcat-7.0.100\webapps\host-manager]
фев 26, 2020 8:11:54 PM org.apache.catalina.startup.TldConfig execute
INFO: At least one JAR was scanned for TLDs yet contained no TLDs. Enable debug logging for this logger for a complete list of JARs that were scanned but no TLDs were found in them. Skipping unneeded JARs during scanning can improve startup time and JSP compilation time.
фев 26, 2020 8:11:54 PM org.apache.catalina.startup.HostConfig deployDirectory
INFO: Deployment of web application directory [D:\RSOI\apache-tomcat-7.0.100\webapps\host-manager] has finished in [332] ms
фев 26, 2020 8:11:54 PM org.apache.catalina.startup.HostConfig deployDirectory
INFO: Установка веб приложения в папку [D:\RSOI\apache-tomcat-7.0.100\webapps\manager]
фев 26, 2020 8:11:54 PM org.apache.catalina.startup.TldConfig execute
INFO: At least one JAR was scanned for TLDs yet contained no TLDs. Enable debug logging for this logger for a complete list of JARs that were scanned but no TLDs were found in them. Skipping unneeded JARs during scanning can improve startup time and JSP compilation time.
фев 26, 2020 8:11:54 PM org.apache.catalina.startup.HostConfig deployDirectory
INFO: Deployment of web application directory [D:\RSOI\apache-tomcat-7.0.100\webapps\manager] has finished in [231] ms
фев 26, 2020 8:11:54 PM org.apache.catalina.startup.HostConfig deployDirectory
INFO: Установка веб приложения в папку [D:\RSOI\apache-tomcat-7.0.100\webapps\ROOT]
фев 26, 2020 8:11:55 PM org.apache.catalina.startup.TldConfig execute
INFO: At least one JAR was scanned for TLDs yet contained no TLDs. Enable debug logging for this logger for a complete list of JARs that were scanned but no TLDs were found in them. Skipping unneeded JARs during scanning can improve startup time and JSP compilation time.
фев 26, 2020 8:11:55 PM org.apache.catalina.startup.HostConfig deployDirectory
INFO: Deployment of web application directory [D:\RSOI\apache-tomcat-7.0.100\webapps\ROOT] has finished in [295] ms
фев 26, 2020 8:11:55 PM org.apache.coyote.AbstractProtocol start
INFO: Starting ProtocolHandler ["http-apr-8080"]
фев 26, 2020 8:11:55 PM org.apache.catalina.startup.Catalina start
INFO: Server startup in 4472 ms
фев 26, 2020 8:12:04 PM org.apache.catalina.startup.Catalina stopServer
SEVERE: Could not contact [localhost:8005]. Tomcat may not be running.
фев 26, 2020 8:12:04 PM org.apache.catalina.startup.Catalina stopServer
SEVERE: Catalina.stop: 
java.net.ConnectException: Connection refused: connect
	at java.net.DualStackPlainSocketImpl.connect0(Native Method)
	at java.net.DualStackPlainSocketImpl.socketConnect(Unknown Source)
	at java.net.AbstractPlainSocketImpl.doConnect(Unknown Source)
	at java.net.AbstractPlainSocketImpl.connectToAddress(Unknown Source)
	at java.net.AbstractPlainSocketImpl.connect(Unknown Source)
	at java.net.PlainSocketImpl.connect(Unknown Source)
	at java.net.SocksSocketImpl.connect(Unknown Source)
	at java.net.Socket.connect(Unknown Source)
	at java.net.Socket.connect(Unknown Source)
	at java.net.Socket.<init>(Unknown Source)
	at java.net.Socket.<init>(Unknown Source)
	at org.apache.catalina.startup.Catalina.stopServer(Catalina.java:515)
	at sun.reflect.NativeMethodAccessorImpl.invoke0(Native Method)
	at sun.reflect.NativeMethodAccessorImpl.invoke(Unknown Source)
	at sun.reflect.DelegatingMethodAccessorImpl.invoke(Unknown Source)
	at java.lang.reflect.Method.invoke(Unknown Source)
	at org.apache.catalina.startup.Bootstrap.stopServer(Bootstrap.java:330)
	at org.apache.catalina.startup.Bootstrap.main(Bootstrap.java:420)

