мар 08, 2020 12:09:57 AM org.apache.catalina.core.ApplicationContext log
INFO: SessionListener: contextDestroyed()
мар 08, 2020 12:09:57 AM org.apache.catalina.core.ApplicationContext log
INFO: ContextListener: contextDestroyed()
мар 08, 2020 12:43:02 AM org.apache.catalina.core.ApplicationContext log
INFO: ContextListener: contextInitialized()
мар 08, 2020 12:43:02 AM org.apache.catalina.core.ApplicationContext log
INFO: SessionListener: contextInitialized()
мар 08, 2020 12:43:02 AM org.apache.catalina.core.ApplicationContext log
INFO: ContextListener: attributeAdded('StockTicker', 'async.Stockticker@e92ad1a')
мар 08, 2020 12:43:02 AM org.apache.catalina.core.ApplicationContext log
INFO: ContextListener: attributeAdded('org.apache.jasper.compiler.TldLocationsCache', 'org.apache.jasper.compiler.TldLocationsCache@7a200885')
мар 08, 2020 1:06:37 AM org.apache.catalina.core.ApplicationContext log
INFO: ContextListener: contextInitialized()
мар 08, 2020 1:06:37 AM org.apache.catalina.core.ApplicationContext log
INFO: SessionListener: contextInitialized()
мар 08, 2020 1:06:37 AM org.apache.catalina.core.ApplicationContext log
INFO: ContextListener: attributeAdded('StockTicker', 'async.Stockticker@7a65c16d')
мар 08, 2020 1:06:37 AM org.apache.catalina.core.ApplicationContext log
INFO: ContextListener: attributeAdded('org.apache.jasper.compiler.TldLocationsCache', 'org.apache.jasper.compiler.TldLocationsCache@69fd012d')
мар 08, 2020 1:07:35 AM org.apache.catalina.core.ApplicationContext log
INFO: ContextListener: contextInitialized()
мар 08, 2020 1:07:35 AM org.apache.catalina.core.ApplicationContext log
INFO: SessionListener: contextInitialized()
мар 08, 2020 1:07:35 AM org.apache.catalina.core.ApplicationContext log
INFO: ContextListener: attributeAdded('StockTicker', 'async.Stockticker@6956de56')
мар 08, 2020 1:07:35 AM org.apache.catalina.core.ApplicationContext log
INFO: ContextListener: attributeAdded('org.apache.jasper.compiler.TldLocationsCache', 'org.apache.jasper.compiler.TldLocationsCache@6c439a18')
мар 08, 2020 1:38:51 AM org.apache.catalina.core.StandardWrapperValve invoke
SEVERE: Servlet.service() for servlet [jsp] in context with path [/axis] threw exception [javax.servlet.ServletException: java.lang.ExceptionInInitializerError] with root cause
org.apache.commons.logging.LogConfigurationException: Invalid class loader hierarchy.  You have more than one version of 'org.apache.commons.logging.Log' visible, which is not allowed.
	at org.apache.commons.logging.impl.LogFactoryImpl.getLogConstructor(LogFactoryImpl.java:385)
	at org.apache.commons.logging.impl.LogFactoryImpl.newInstance(LogFactoryImpl.java:529)
	at org.apache.commons.logging.impl.LogFactoryImpl.getInstance(LogFactoryImpl.java:235)
	at org.apache.commons.logging.LogFactory.getLog(LogFactory.java:370)
	at org.apache.xml.security.Init.<clinit>(Unknown Source)
	at java.lang.Class.forName0(Native Method)
	at java.lang.Class.forName(Unknown Source)
	at org.apache.jsp.happyaxis_jsp.classExists(happyaxis_jsp.java:42)
	at org.apache.jsp.happyaxis_jsp.probeClass(happyaxis_jsp.java:85)
	at org.apache.jsp.happyaxis_jsp.wantClass(happyaxis_jsp.java:184)
	at org.apache.jsp.happyaxis_jsp._jspService(happyaxis_jsp.java:714)
	at org.apache.jasper.runtime.HttpJspBase.service(HttpJspBase.java:71)
	at javax.servlet.http.HttpServlet.service(HttpServlet.java:728)
	at org.apache.jasper.servlet.JspServletWrapper.service(JspServletWrapper.java:477)
	at org.apache.jasper.servlet.JspServlet.serviceJspFile(JspServlet.java:395)
	at org.apache.jasper.servlet.JspServlet.service(JspServlet.java:339)
	at javax.servlet.http.HttpServlet.service(HttpServlet.java:728)
	at org.apache.catalina.core.ApplicationFilterChain.internalDoFilter(ApplicationFilterChain.java:303)
	at org.apache.catalina.core.ApplicationFilterChain.doFilter(ApplicationFilterChain.java:208)
	at org.apache.tomcat.websocket.server.WsFilter.doFilter(WsFilter.java:52)
	at org.apache.catalina.core.ApplicationFilterChain.internalDoFilter(ApplicationFilterChain.java:241)
	at org.apache.catalina.core.ApplicationFilterChain.doFilter(ApplicationFilterChain.java:208)
	at org.apache.catalina.core.StandardWrapperValve.invoke(StandardWrapperValve.java:219)
	at org.apache.catalina.core.StandardContextValve.invoke(StandardContextValve.java:110)
	at org.apache.catalina.authenticator.AuthenticatorBase.invoke(AuthenticatorBase.java:492)
	at org.apache.catalina.core.StandardHostValve.invoke(StandardHostValve.java:165)
	at org.apache.catalina.valves.ErrorReportValve.invoke(ErrorReportValve.java:104)
	at org.apache.catalina.valves.AccessLogValve.invoke(AccessLogValve.java:1025)
	at org.apache.catalina.core.StandardEngineValve.invoke(StandardEngineValve.java:116)
	at org.apache.catalina.connector.CoyoteAdapter.service(CoyoteAdapter.java:452)
	at org.apache.coyote.http11.AbstractHttp11Processor.process(AbstractHttp11Processor.java:1195)
	at org.apache.coyote.AbstractProtocol$AbstractConnectionHandler.process(AbstractProtocol.java:654)
	at org.apache.tomcat.util.net.AprEndpoint$SocketProcessor.doRun(AprEndpoint.java:2532)
	at org.apache.tomcat.util.net.AprEndpoint$SocketProcessor.run(AprEndpoint.java:2521)
	at java.util.concurrent.ThreadPoolExecutor.runWorker(Unknown Source)
	at java.util.concurrent.ThreadPoolExecutor$Worker.run(Unknown Source)
	at org.apache.tomcat.util.threads.TaskThread$WrappingRunnable.run(TaskThread.java:61)
	at java.lang.Thread.run(Unknown Source)

мар 08, 2020 1:39:44 AM org.apache.catalina.core.ApplicationContext log
INFO: ContextListener: contextInitialized()
мар 08, 2020 1:39:44 AM org.apache.catalina.core.ApplicationContext log
INFO: SessionListener: contextInitialized()
мар 08, 2020 1:39:44 AM org.apache.catalina.core.ApplicationContext log
INFO: ContextListener: attributeAdded('StockTicker', 'async.Stockticker@435722a5')
мар 08, 2020 1:39:44 AM org.apache.catalina.core.ApplicationContext log
INFO: ContextListener: attributeAdded('org.apache.jasper.compiler.TldLocationsCache', 'org.apache.jasper.compiler.TldLocationsCache@5364839')
мар 08, 2020 1:39:48 AM org.apache.catalina.core.ApplicationContext log
INFO: SessionListener: contextDestroyed()
мар 08, 2020 1:39:48 AM org.apache.catalina.core.ApplicationContext log
INFO: ContextListener: contextDestroyed()
мар 08, 2020 2:09:09 AM org.apache.catalina.core.ApplicationContext log
INFO: ContextListener: contextInitialized()
мар 08, 2020 2:09:09 AM org.apache.catalina.core.ApplicationContext log
INFO: SessionListener: contextInitialized()
мар 08, 2020 2:09:09 AM org.apache.catalina.core.ApplicationContext log
INFO: ContextListener: attributeAdded('StockTicker', 'async.Stockticker@6d0840d9')
мар 08, 2020 2:09:09 AM org.apache.catalina.core.ApplicationContext log
INFO: ContextListener: attributeAdded('org.apache.jasper.compiler.TldLocationsCache', 'org.apache.jasper.compiler.TldLocationsCache@7f8732d4')
мар 08, 2020 2:09:11 AM org.apache.catalina.core.ApplicationContext log
INFO: SessionListener: contextDestroyed()
мар 08, 2020 2:09:11 AM org.apache.catalina.core.ApplicationContext log
INFO: ContextListener: contextDestroyed()
мар 08, 2020 2:09:27 AM org.apache.catalina.core.ApplicationContext log
INFO: ContextListener: contextInitialized()
мар 08, 2020 2:09:27 AM org.apache.catalina.core.ApplicationContext log
INFO: SessionListener: contextInitialized()
мар 08, 2020 2:09:27 AM org.apache.catalina.core.ApplicationContext log
INFO: ContextListener: attributeAdded('StockTicker', 'async.Stockticker@1d7af86e')
мар 08, 2020 2:09:27 AM org.apache.catalina.core.ApplicationContext log
INFO: ContextListener: attributeAdded('org.apache.jasper.compiler.TldLocationsCache', 'org.apache.jasper.compiler.TldLocationsCache@78f9e000')
мар 08, 2020 2:09:29 AM org.apache.catalina.core.ApplicationContext log
INFO: SessionListener: contextDestroyed()
мар 08, 2020 2:09:29 AM org.apache.catalina.core.ApplicationContext log
INFO: ContextListener: contextDestroyed()
мар 08, 2020 2:11:26 AM org.apache.catalina.core.ApplicationContext log
INFO: SessionListener: contextDestroyed()
мар 08, 2020 2:11:26 AM org.apache.catalina.core.ApplicationContext log
INFO: ContextListener: contextDestroyed()
мар 08, 2020 2:11:37 AM org.apache.catalina.core.ApplicationContext log
INFO: ContextListener: contextInitialized()
мар 08, 2020 2:11:37 AM org.apache.catalina.core.ApplicationContext log
INFO: SessionListener: contextInitialized()
мар 08, 2020 2:11:37 AM org.apache.catalina.core.ApplicationContext log
INFO: ContextListener: attributeAdded('StockTicker', 'async.Stockticker@33ffe4ea')
мар 08, 2020 2:11:37 AM org.apache.catalina.core.ApplicationContext log
INFO: ContextListener: attributeAdded('org.apache.jasper.compiler.TldLocationsCache', 'org.apache.jasper.compiler.TldLocationsCache@2952d42f')
мар 08, 2020 2:11:45 AM org.apache.catalina.core.StandardWrapperValve invoke
SEVERE: Servlet.service() for servlet [jsp] in context with path [/axis] threw exception [javax.servlet.ServletException: java.lang.ExceptionInInitializerError] with root cause
org.apache.commons.logging.LogConfigurationException: Invalid class loader hierarchy.  You have more than one version of 'org.apache.commons.logging.Log' visible, which is not allowed.
	at org.apache.commons.logging.impl.LogFactoryImpl.getLogConstructor(LogFactoryImpl.java:385)
	at org.apache.commons.logging.impl.LogFactoryImpl.newInstance(LogFactoryImpl.java:529)
	at org.apache.commons.logging.impl.LogFactoryImpl.getInstance(LogFactoryImpl.java:235)
	at org.apache.commons.logging.LogFactory.getLog(LogFactory.java:370)
	at org.apache.xml.security.Init.<clinit>(Unknown Source)
	at java.lang.Class.forName0(Native Method)
	at java.lang.Class.forName(Unknown Source)
	at org.apache.jsp.happyaxis_jsp.classExists(happyaxis_jsp.java:42)
	at org.apache.jsp.happyaxis_jsp.probeClass(happyaxis_jsp.java:85)
	at org.apache.jsp.happyaxis_jsp.wantClass(happyaxis_jsp.java:184)
	at org.apache.jsp.happyaxis_jsp._jspService(happyaxis_jsp.java:714)
	at org.apache.jasper.runtime.HttpJspBase.service(HttpJspBase.java:71)
	at javax.servlet.http.HttpServlet.service(HttpServlet.java:728)
	at org.apache.jasper.servlet.JspServletWrapper.service(JspServletWrapper.java:477)
	at org.apache.jasper.servlet.JspServlet.serviceJspFile(JspServlet.java:395)
	at org.apache.jasper.servlet.JspServlet.service(JspServlet.java:339)
	at javax.servlet.http.HttpServlet.service(HttpServlet.java:728)
	at org.apache.catalina.core.ApplicationFilterChain.internalDoFilter(ApplicationFilterChain.java:303)
	at org.apache.catalina.core.ApplicationFilterChain.doFilter(ApplicationFilterChain.java:208)
	at org.apache.tomcat.websocket.server.WsFilter.doFilter(WsFilter.java:52)
	at org.apache.catalina.core.ApplicationFilterChain.internalDoFilter(ApplicationFilterChain.java:241)
	at org.apache.catalina.core.ApplicationFilterChain.doFilter(ApplicationFilterChain.java:208)
	at org.apache.catalina.core.StandardWrapperValve.invoke(StandardWrapperValve.java:219)
	at org.apache.catalina.core.StandardContextValve.invoke(StandardContextValve.java:110)
	at org.apache.catalina.authenticator.AuthenticatorBase.invoke(AuthenticatorBase.java:492)
	at org.apache.catalina.core.StandardHostValve.invoke(StandardHostValve.java:165)
	at org.apache.catalina.valves.ErrorReportValve.invoke(ErrorReportValve.java:104)
	at org.apache.catalina.valves.AccessLogValve.invoke(AccessLogValve.java:1025)
	at org.apache.catalina.core.StandardEngineValve.invoke(StandardEngineValve.java:116)
	at org.apache.catalina.connector.CoyoteAdapter.service(CoyoteAdapter.java:452)
	at org.apache.coyote.http11.AbstractHttp11Processor.process(AbstractHttp11Processor.java:1195)
	at org.apache.coyote.AbstractProtocol$AbstractConnectionHandler.process(AbstractProtocol.java:654)
	at org.apache.tomcat.util.net.AprEndpoint$SocketProcessor.doRun(AprEndpoint.java:2532)
	at org.apache.tomcat.util.net.AprEndpoint$SocketProcessor.run(AprEndpoint.java:2521)
	at java.util.concurrent.ThreadPoolExecutor.runWorker(Unknown Source)
	at java.util.concurrent.ThreadPoolExecutor$Worker.run(Unknown Source)
	at org.apache.tomcat.util.threads.TaskThread$WrappingRunnable.run(TaskThread.java:61)
	at java.lang.Thread.run(Unknown Source)

мар 08, 2020 2:13:41 AM org.apache.catalina.core.ApplicationContext log
INFO: ContextListener: contextInitialized()
мар 08, 2020 2:13:41 AM org.apache.catalina.core.ApplicationContext log
INFO: SessionListener: contextInitialized()
мар 08, 2020 2:13:41 AM org.apache.catalina.core.ApplicationContext log
INFO: ContextListener: attributeAdded('StockTicker', 'async.Stockticker@33ffe4ea')
мар 08, 2020 2:13:41 AM org.apache.catalina.core.ApplicationContext log
INFO: ContextListener: attributeAdded('org.apache.jasper.compiler.TldLocationsCache', 'org.apache.jasper.compiler.TldLocationsCache@2952d42f')
мар 08, 2020 2:18:49 AM org.apache.catalina.core.ApplicationContext log
INFO: ContextListener: contextInitialized()
мар 08, 2020 2:18:49 AM org.apache.catalina.core.ApplicationContext log
INFO: SessionListener: contextInitialized()
мар 08, 2020 2:18:49 AM org.apache.catalina.core.ApplicationContext log
INFO: ContextListener: attributeAdded('StockTicker', 'async.Stockticker@1fa4d32c')
мар 08, 2020 2:18:49 AM org.apache.catalina.core.ApplicationContext log
INFO: ContextListener: attributeAdded('org.apache.jasper.compiler.TldLocationsCache', 'org.apache.jasper.compiler.TldLocationsCache@2bc75f23')
мар 08, 2020 2:19:09 AM org.apache.catalina.core.StandardWrapperValve invoke
SEVERE: Servlet.service() for servlet [jsp] in context with path [/axis] threw exception [javax.servlet.ServletException: java.lang.ExceptionInInitializerError] with root cause
org.apache.commons.logging.LogConfigurationException: Invalid class loader hierarchy.  You have more than one version of 'org.apache.commons.logging.Log' visible, which is not allowed.
	at org.apache.commons.logging.impl.LogFactoryImpl.getLogConstructor(LogFactoryImpl.java:385)
	at org.apache.commons.logging.impl.LogFactoryImpl.newInstance(LogFactoryImpl.java:529)
	at org.apache.commons.logging.impl.LogFactoryImpl.getInstance(LogFactoryImpl.java:235)
	at org.apache.commons.logging.LogFactory.getLog(LogFactory.java:370)
	at org.apache.xml.security.Init.<clinit>(Unknown Source)
	at java.lang.Class.forName0(Native Method)
	at java.lang.Class.forName(Unknown Source)
	at org.apache.jsp.happyaxis_jsp.classExists(happyaxis_jsp.java:42)
	at org.apache.jsp.happyaxis_jsp.probeClass(happyaxis_jsp.java:85)
	at org.apache.jsp.happyaxis_jsp.wantClass(happyaxis_jsp.java:184)
	at org.apache.jsp.happyaxis_jsp._jspService(happyaxis_jsp.java:714)
	at org.apache.jasper.runtime.HttpJspBase.service(HttpJspBase.java:71)
	at javax.servlet.http.HttpServlet.service(HttpServlet.java:728)
	at org.apache.jasper.servlet.JspServletWrapper.service(JspServletWrapper.java:477)
	at org.apache.jasper.servlet.JspServlet.serviceJspFile(JspServlet.java:395)
	at org.apache.jasper.servlet.JspServlet.service(JspServlet.java:339)
	at javax.servlet.http.HttpServlet.service(HttpServlet.java:728)
	at org.apache.catalina.core.ApplicationFilterChain.internalDoFilter(ApplicationFilterChain.java:303)
	at org.apache.catalina.core.ApplicationFilterChain.doFilter(ApplicationFilterChain.java:208)
	at org.apache.tomcat.websocket.server.WsFilter.doFilter(WsFilter.java:52)
	at org.apache.catalina.core.ApplicationFilterChain.internalDoFilter(ApplicationFilterChain.java:241)
	at org.apache.catalina.core.ApplicationFilterChain.doFilter(ApplicationFilterChain.java:208)
	at org.apache.catalina.core.StandardWrapperValve.invoke(StandardWrapperValve.java:219)
	at org.apache.catalina.core.StandardContextValve.invoke(StandardContextValve.java:110)
	at org.apache.catalina.authenticator.AuthenticatorBase.invoke(AuthenticatorBase.java:492)
	at org.apache.catalina.core.StandardHostValve.invoke(StandardHostValve.java:165)
	at org.apache.catalina.valves.ErrorReportValve.invoke(ErrorReportValve.java:104)
	at org.apache.catalina.valves.AccessLogValve.invoke(AccessLogValve.java:1025)
	at org.apache.catalina.core.StandardEngineValve.invoke(StandardEngineValve.java:116)
	at org.apache.catalina.connector.CoyoteAdapter.service(CoyoteAdapter.java:452)
	at org.apache.coyote.http11.AbstractHttp11Processor.process(AbstractHttp11Processor.java:1195)
	at org.apache.coyote.AbstractProtocol$AbstractConnectionHandler.process(AbstractProtocol.java:654)
	at org.apache.tomcat.util.net.AprEndpoint$SocketProcessor.doRun(AprEndpoint.java:2532)
	at org.apache.tomcat.util.net.AprEndpoint$SocketProcessor.run(AprEndpoint.java:2521)
	at java.util.concurrent.ThreadPoolExecutor.runWorker(Unknown Source)
	at java.util.concurrent.ThreadPoolExecutor$Worker.run(Unknown Source)
	at org.apache.tomcat.util.threads.TaskThread$WrappingRunnable.run(TaskThread.java:61)
	at java.lang.Thread.run(Unknown Source)

мар 08, 2020 2:22:46 AM org.apache.catalina.core.ApplicationContext log
INFO: ContextListener: contextInitialized()
мар 08, 2020 2:22:46 AM org.apache.catalina.core.ApplicationContext log
INFO: SessionListener: contextInitialized()
мар 08, 2020 2:22:46 AM org.apache.catalina.core.ApplicationContext log
INFO: ContextListener: attributeAdded('StockTicker', 'async.Stockticker@153f9d3a')
мар 08, 2020 2:22:46 AM org.apache.catalina.core.ApplicationContext log
INFO: ContextListener: attributeAdded('org.apache.jasper.compiler.TldLocationsCache', 'org.apache.jasper.compiler.TldLocationsCache@7aa1e79a')
мар 08, 2020 2:26:47 AM org.apache.catalina.core.ApplicationContext log
INFO: ContextListener: contextInitialized()
мар 08, 2020 2:26:47 AM org.apache.catalina.core.ApplicationContext log
INFO: SessionListener: contextInitialized()
мар 08, 2020 2:26:47 AM org.apache.catalina.core.ApplicationContext log
INFO: ContextListener: attributeAdded('StockTicker', 'async.Stockticker@153f9d3a')
мар 08, 2020 2:26:47 AM org.apache.catalina.core.ApplicationContext log
INFO: ContextListener: attributeAdded('org.apache.jasper.compiler.TldLocationsCache', 'org.apache.jasper.compiler.TldLocationsCache@7aa1e79a')
мар 08, 2020 2:29:11 AM org.apache.catalina.core.ApplicationContext log
INFO: ContextListener: contextInitialized()
мар 08, 2020 2:29:11 AM org.apache.catalina.core.ApplicationContext log
INFO: SessionListener: contextInitialized()
мар 08, 2020 2:29:11 AM org.apache.catalina.core.ApplicationContext log
INFO: ContextListener: attributeAdded('StockTicker', 'async.Stockticker@ca4f102')
мар 08, 2020 2:29:11 AM org.apache.catalina.core.ApplicationContext log
INFO: ContextListener: attributeAdded('org.apache.jasper.compiler.TldLocationsCache', 'org.apache.jasper.compiler.TldLocationsCache@4458bfe8')
мар 08, 2020 2:29:15 AM org.apache.catalina.core.StandardWrapperValve invoke
SEVERE: Servlet.service() for servlet [jsp] in context with path [/axis] threw exception [javax.servlet.ServletException: java.lang.ExceptionInInitializerError] with root cause
org.apache.commons.logging.LogConfigurationException: Invalid class loader hierarchy.  You have more than one version of 'org.apache.commons.logging.Log' visible, which is not allowed.
	at org.apache.commons.logging.impl.LogFactoryImpl.getLogConstructor(LogFactoryImpl.java:385)
	at org.apache.commons.logging.impl.LogFactoryImpl.newInstance(LogFactoryImpl.java:529)
	at org.apache.commons.logging.impl.LogFactoryImpl.getInstance(LogFactoryImpl.java:235)
	at org.apache.commons.logging.LogFactory.getLog(LogFactory.java:370)
	at org.apache.xml.security.Init.<clinit>(Unknown Source)
	at java.lang.Class.forName0(Native Method)
	at java.lang.Class.forName(Unknown Source)
	at org.apache.jsp.happyaxis_jsp.classExists(happyaxis_jsp.java:42)
	at org.apache.jsp.happyaxis_jsp.probeClass(happyaxis_jsp.java:85)
	at org.apache.jsp.happyaxis_jsp.wantClass(happyaxis_jsp.java:184)
	at org.apache.jsp.happyaxis_jsp._jspService(happyaxis_jsp.java:714)
	at org.apache.jasper.runtime.HttpJspBase.service(HttpJspBase.java:71)
	at javax.servlet.http.HttpServlet.service(HttpServlet.java:728)
	at org.apache.jasper.servlet.JspServletWrapper.service(JspServletWrapper.java:477)
	at org.apache.jasper.servlet.JspServlet.serviceJspFile(JspServlet.java:395)
	at org.apache.jasper.servlet.JspServlet.service(JspServlet.java:339)
	at javax.servlet.http.HttpServlet.service(HttpServlet.java:728)
	at org.apache.catalina.core.ApplicationFilterChain.internalDoFilter(ApplicationFilterChain.java:303)
	at org.apache.catalina.core.ApplicationFilterChain.doFilter(ApplicationFilterChain.java:208)
	at org.apache.tomcat.websocket.server.WsFilter.doFilter(WsFilter.java:52)
	at org.apache.catalina.core.ApplicationFilterChain.internalDoFilter(ApplicationFilterChain.java:241)
	at org.apache.catalina.core.ApplicationFilterChain.doFilter(ApplicationFilterChain.java:208)
	at org.apache.catalina.core.StandardWrapperValve.invoke(StandardWrapperValve.java:219)
	at org.apache.catalina.core.StandardContextValve.invoke(StandardContextValve.java:110)
	at org.apache.catalina.authenticator.AuthenticatorBase.invoke(AuthenticatorBase.java:492)
	at org.apache.catalina.core.StandardHostValve.invoke(StandardHostValve.java:165)
	at org.apache.catalina.valves.ErrorReportValve.invoke(ErrorReportValve.java:104)
	at org.apache.catalina.valves.AccessLogValve.invoke(AccessLogValve.java:1025)
	at org.apache.catalina.core.StandardEngineValve.invoke(StandardEngineValve.java:116)
	at org.apache.catalina.connector.CoyoteAdapter.service(CoyoteAdapter.java:452)
	at org.apache.coyote.http11.AbstractHttp11Processor.process(AbstractHttp11Processor.java:1195)
	at org.apache.coyote.AbstractProtocol$AbstractConnectionHandler.process(AbstractProtocol.java:654)
	at org.apache.tomcat.util.net.AprEndpoint$SocketProcessor.doRun(AprEndpoint.java:2532)
	at org.apache.tomcat.util.net.AprEndpoint$SocketProcessor.run(AprEndpoint.java:2521)
	at java.util.concurrent.ThreadPoolExecutor.runWorker(Unknown Source)
	at java.util.concurrent.ThreadPoolExecutor$Worker.run(Unknown Source)
	at org.apache.tomcat.util.threads.TaskThread$WrappingRunnable.run(TaskThread.java:61)
	at java.lang.Thread.run(Unknown Source)

мар 08, 2020 2:40:53 AM org.apache.catalina.core.ApplicationContext log
INFO: ContextListener: contextInitialized()
мар 08, 2020 2:40:53 AM org.apache.catalina.core.ApplicationContext log
INFO: SessionListener: contextInitialized()
мар 08, 2020 2:40:53 AM org.apache.catalina.core.ApplicationContext log
INFO: ContextListener: attributeAdded('StockTicker', 'async.Stockticker@33f0e62a')
мар 08, 2020 2:40:53 AM org.apache.catalina.core.ApplicationContext log
INFO: ContextListener: attributeAdded('org.apache.jasper.compiler.TldLocationsCache', 'org.apache.jasper.compiler.TldLocationsCache@589ae42d')
Mar 08, 2020 2:40:59 AM org.apache.catalina.core.StandardWrapperValve invoke
SEVERE: Servlet.service() for servlet [jsp] in context with path [/axis] threw exception [javax.servlet.ServletException: java.lang.ExceptionInInitializerError] with root cause
org.apache.commons.logging.LogConfigurationException: Invalid class loader hierarchy.  You have more than one version of 'org.apache.commons.logging.Log' visible, which is not allowed.
	at org.apache.commons.logging.impl.LogFactoryImpl.getLogConstructor(LogFactoryImpl.java:385)
	at org.apache.commons.logging.impl.LogFactoryImpl.newInstance(LogFactoryImpl.java:529)
	at org.apache.commons.logging.impl.LogFactoryImpl.getInstance(LogFactoryImpl.java:235)
	at org.apache.commons.logging.LogFactory.getLog(LogFactory.java:370)
	at org.apache.xml.security.Init.<clinit>(Unknown Source)
	at java.lang.Class.forName0(Native Method)
	at java.lang.Class.forName(Unknown Source)
	at org.apache.jsp.happyaxis_jsp.classExists(happyaxis_jsp.java:42)
	at org.apache.jsp.happyaxis_jsp.probeClass(happyaxis_jsp.java:85)
	at org.apache.jsp.happyaxis_jsp.wantClass(happyaxis_jsp.java:184)
	at org.apache.jsp.happyaxis_jsp._jspService(happyaxis_jsp.java:714)
	at org.apache.jasper.runtime.HttpJspBase.service(HttpJspBase.java:71)
	at javax.servlet.http.HttpServlet.service(HttpServlet.java:728)
	at org.apache.jasper.servlet.JspServletWrapper.service(JspServletWrapper.java:477)
	at org.apache.jasper.servlet.JspServlet.serviceJspFile(JspServlet.java:395)
	at org.apache.jasper.servlet.JspServlet.service(JspServlet.java:339)
	at javax.servlet.http.HttpServlet.service(HttpServlet.java:728)
	at org.apache.catalina.core.ApplicationFilterChain.internalDoFilter(ApplicationFilterChain.java:303)
	at org.apache.catalina.core.ApplicationFilterChain.doFilter(ApplicationFilterChain.java:208)
	at org.apache.tomcat.websocket.server.WsFilter.doFilter(WsFilter.java:52)
	at org.apache.catalina.core.ApplicationFilterChain.internalDoFilter(ApplicationFilterChain.java:241)
	at org.apache.catalina.core.ApplicationFilterChain.doFilter(ApplicationFilterChain.java:208)
	at org.apache.catalina.core.StandardWrapperValve.invoke(StandardWrapperValve.java:219)
	at org.apache.catalina.core.StandardContextValve.invoke(StandardContextValve.java:110)
	at org.apache.catalina.authenticator.AuthenticatorBase.invoke(AuthenticatorBase.java:492)
	at org.apache.catalina.core.StandardHostValve.invoke(StandardHostValve.java:165)
	at org.apache.catalina.valves.ErrorReportValve.invoke(ErrorReportValve.java:104)
	at org.apache.catalina.valves.AccessLogValve.invoke(AccessLogValve.java:1025)
	at org.apache.catalina.core.StandardEngineValve.invoke(StandardEngineValve.java:116)
	at org.apache.catalina.connector.CoyoteAdapter.service(CoyoteAdapter.java:452)
	at org.apache.coyote.http11.AbstractHttp11Processor.process(AbstractHttp11Processor.java:1195)
	at org.apache.coyote.AbstractProtocol$AbstractConnectionHandler.process(AbstractProtocol.java:654)
	at org.apache.tomcat.util.net.AprEndpoint$SocketProcessor.doRun(AprEndpoint.java:2532)
	at org.apache.tomcat.util.net.AprEndpoint$SocketProcessor.run(AprEndpoint.java:2521)
	at java.util.concurrent.ThreadPoolExecutor.runWorker(Unknown Source)
	at java.util.concurrent.ThreadPoolExecutor$Worker.run(Unknown Source)
	at org.apache.tomcat.util.threads.TaskThread$WrappingRunnable.run(TaskThread.java:61)
	at java.lang.Thread.run(Unknown Source)

мар 08, 2020 2:42:58 AM org.apache.catalina.core.ApplicationContext log
INFO: ContextListener: contextInitialized()
мар 08, 2020 2:42:58 AM org.apache.catalina.core.ApplicationContext log
INFO: SessionListener: contextInitialized()
мар 08, 2020 2:42:58 AM org.apache.catalina.core.ApplicationContext log
INFO: ContextListener: attributeAdded('StockTicker', 'async.Stockticker@28ffb43e')
мар 08, 2020 2:42:58 AM org.apache.catalina.core.ApplicationContext log
INFO: ContextListener: attributeAdded('org.apache.jasper.compiler.TldLocationsCache', 'org.apache.jasper.compiler.TldLocationsCache@42689633')
Mar 08, 2020 2:43:02 AM org.apache.catalina.core.StandardWrapperValve invoke
SEVERE: Servlet.service() for servlet [jsp] in context with path [/axis] threw exception [javax.servlet.ServletException: java.lang.ExceptionInInitializerError] with root cause
org.apache.commons.logging.LogConfigurationException: Invalid class loader hierarchy.  You have more than one version of 'org.apache.commons.logging.Log' visible, which is not allowed.
	at org.apache.commons.logging.impl.LogFactoryImpl.getLogConstructor(LogFactoryImpl.java:385)
	at org.apache.commons.logging.impl.LogFactoryImpl.newInstance(LogFactoryImpl.java:529)
	at org.apache.commons.logging.impl.LogFactoryImpl.getInstance(LogFactoryImpl.java:235)
	at org.apache.commons.logging.LogFactory.getLog(LogFactory.java:370)
	at org.apache.xml.security.Init.<clinit>(Unknown Source)
	at java.lang.Class.forName0(Native Method)
	at java.lang.Class.forName(Unknown Source)
	at org.apache.jsp.happyaxis_jsp.classExists(happyaxis_jsp.java:42)
	at org.apache.jsp.happyaxis_jsp.probeClass(happyaxis_jsp.java:85)
	at org.apache.jsp.happyaxis_jsp.wantClass(happyaxis_jsp.java:184)
	at org.apache.jsp.happyaxis_jsp._jspService(happyaxis_jsp.java:714)
	at org.apache.jasper.runtime.HttpJspBase.service(HttpJspBase.java:71)
	at javax.servlet.http.HttpServlet.service(HttpServlet.java:728)
	at org.apache.jasper.servlet.JspServletWrapper.service(JspServletWrapper.java:477)
	at org.apache.jasper.servlet.JspServlet.serviceJspFile(JspServlet.java:395)
	at org.apache.jasper.servlet.JspServlet.service(JspServlet.java:339)
	at javax.servlet.http.HttpServlet.service(HttpServlet.java:728)
	at org.apache.catalina.core.ApplicationFilterChain.internalDoFilter(ApplicationFilterChain.java:303)
	at org.apache.catalina.core.ApplicationFilterChain.doFilter(ApplicationFilterChain.java:208)
	at org.apache.tomcat.websocket.server.WsFilter.doFilter(WsFilter.java:52)
	at org.apache.catalina.core.ApplicationFilterChain.internalDoFilter(ApplicationFilterChain.java:241)
	at org.apache.catalina.core.ApplicationFilterChain.doFilter(ApplicationFilterChain.java:208)
	at org.apache.catalina.core.StandardWrapperValve.invoke(StandardWrapperValve.java:219)
	at org.apache.catalina.core.StandardContextValve.invoke(StandardContextValve.java:110)
	at org.apache.catalina.authenticator.AuthenticatorBase.invoke(AuthenticatorBase.java:492)
	at org.apache.catalina.core.StandardHostValve.invoke(StandardHostValve.java:165)
	at org.apache.catalina.valves.ErrorReportValve.invoke(ErrorReportValve.java:104)
	at org.apache.catalina.valves.AccessLogValve.invoke(AccessLogValve.java:1025)
	at org.apache.catalina.core.StandardEngineValve.invoke(StandardEngineValve.java:116)
	at org.apache.catalina.connector.CoyoteAdapter.service(CoyoteAdapter.java:452)
	at org.apache.coyote.http11.AbstractHttp11Processor.process(AbstractHttp11Processor.java:1195)
	at org.apache.coyote.AbstractProtocol$AbstractConnectionHandler.process(AbstractProtocol.java:654)
	at org.apache.tomcat.util.net.AprEndpoint$SocketProcessor.doRun(AprEndpoint.java:2532)
	at org.apache.tomcat.util.net.AprEndpoint$SocketProcessor.run(AprEndpoint.java:2521)
	at java.util.concurrent.ThreadPoolExecutor.runWorker(Unknown Source)
	at java.util.concurrent.ThreadPoolExecutor$Worker.run(Unknown Source)
	at org.apache.tomcat.util.threads.TaskThread$WrappingRunnable.run(TaskThread.java:61)
	at java.lang.Thread.run(Unknown Source)

мар 08, 2020 2:45:54 AM org.apache.catalina.core.ApplicationContext log
INFO: ContextListener: contextInitialized()
мар 08, 2020 2:45:54 AM org.apache.catalina.core.ApplicationContext log
INFO: SessionListener: contextInitialized()
мар 08, 2020 2:45:54 AM org.apache.catalina.core.ApplicationContext log
INFO: ContextListener: attributeAdded('StockTicker', 'async.Stockticker@3b894361')
мар 08, 2020 2:45:54 AM org.apache.catalina.core.ApplicationContext log
INFO: ContextListener: attributeAdded('org.apache.jasper.compiler.TldLocationsCache', 'org.apache.jasper.compiler.TldLocationsCache@7c69ad49')
