мар 10, 2020 1:18:31 AM org.apache.catalina.core.ApplicationContext log
INFO: ContextListener: contextInitialized()
мар 10, 2020 1:18:31 AM org.apache.catalina.core.ApplicationContext log
INFO: SessionListener: contextInitialized()
мар 10, 2020 1:18:31 AM org.apache.catalina.core.ApplicationContext log
INFO: ContextListener: attributeAdded('StockTicker', 'async.Stockticker@3b894361')
мар 10, 2020 1:18:31 AM org.apache.catalina.core.ApplicationContext log
INFO: ContextListener: attributeAdded('org.apache.jasper.compiler.TldLocationsCache', 'org.apache.jasper.compiler.TldLocationsCache@7c69ad49')
мар 10, 2020 3:57:34 PM org.apache.catalina.core.ApplicationContext log
INFO: ContextListener: contextInitialized()
мар 10, 2020 3:57:34 PM org.apache.catalina.core.ApplicationContext log
INFO: SessionListener: contextInitialized()
мар 10, 2020 3:57:34 PM org.apache.catalina.core.ApplicationContext log
INFO: ContextListener: attributeAdded('StockTicker', 'async.Stockticker@a1e57db')
мар 10, 2020 3:57:34 PM org.apache.catalina.core.ApplicationContext log
INFO: ContextListener: attributeAdded('org.apache.jasper.compiler.TldLocationsCache', 'org.apache.jasper.compiler.TldLocationsCache@1fad4392')
мар 10, 2020 5:22:25 PM org.apache.catalina.core.ApplicationContext log
INFO: ContextListener: contextInitialized()
мар 10, 2020 5:22:25 PM org.apache.catalina.core.ApplicationContext log
INFO: SessionListener: contextInitialized()
мар 10, 2020 5:22:25 PM org.apache.catalina.core.ApplicationContext log
INFO: ContextListener: attributeAdded('StockTicker', 'async.Stockticker@6a5f3942')
мар 10, 2020 5:22:25 PM org.apache.catalina.core.ApplicationContext log
INFO: ContextListener: attributeAdded('org.apache.jasper.compiler.TldLocationsCache', 'org.apache.jasper.compiler.TldLocationsCache@1bbfa68')
мар 10, 2020 5:24:15 PM org.apache.catalina.core.StandardWrapperValve invoke
SEVERE: Servlet.service() for servlet [jsp] in context with path [/axis] threw exception [javax.servlet.ServletException: java.lang.ExceptionInInitializerError] with root cause
org.apache.commons.logging.LogConfigurationException: Invalid class loader hierarchy.  You have more than one version of 'org.apache.commons.logging.Log' visible, which is not allowed.
	at org.apache.commons.logging.impl.LogFactoryImpl.getLogConstructor(LogFactoryImpl.java:385)
	at org.apache.commons.logging.impl.LogFactoryImpl.newInstance(LogFactoryImpl.java:529)
	at org.apache.commons.logging.impl.LogFactoryImpl.getInstance(LogFactoryImpl.java:235)
	at org.apache.commons.logging.LogFactory.getLog(LogFactory.java:370)
	at org.apache.xml.security.Init.<clinit>(Unknown Source)
	at java.lang.Class.forName0(Native Method)
	at java.lang.Class.forName(Unknown Source)
	at org.apache.jsp.happyaxis_jsp.classExists(happyaxis_jsp.java:42)
	at org.apache.jsp.happyaxis_jsp.probeClass(happyaxis_jsp.java:85)
	at org.apache.jsp.happyaxis_jsp.wantClass(happyaxis_jsp.java:184)
	at org.apache.jsp.happyaxis_jsp._jspService(happyaxis_jsp.java:714)
	at org.apache.jasper.runtime.HttpJspBase.service(HttpJspBase.java:71)
	at javax.servlet.http.HttpServlet.service(HttpServlet.java:728)
	at org.apache.jasper.servlet.JspServletWrapper.service(JspServletWrapper.java:477)
	at org.apache.jasper.servlet.JspServlet.serviceJspFile(JspServlet.java:395)
	at org.apache.jasper.servlet.JspServlet.service(JspServlet.java:339)
	at javax.servlet.http.HttpServlet.service(HttpServlet.java:728)
	at org.apache.catalina.core.ApplicationFilterChain.internalDoFilter(ApplicationFilterChain.java:303)
	at org.apache.catalina.core.ApplicationFilterChain.doFilter(ApplicationFilterChain.java:208)
	at org.apache.tomcat.websocket.server.WsFilter.doFilter(WsFilter.java:52)
	at org.apache.catalina.core.ApplicationFilterChain.internalDoFilter(ApplicationFilterChain.java:241)
	at org.apache.catalina.core.ApplicationFilterChain.doFilter(ApplicationFilterChain.java:208)
	at org.apache.catalina.core.StandardWrapperValve.invoke(StandardWrapperValve.java:219)
	at org.apache.catalina.core.StandardContextValve.invoke(StandardContextValve.java:110)
	at org.apache.catalina.authenticator.AuthenticatorBase.invoke(AuthenticatorBase.java:492)
	at org.apache.catalina.core.StandardHostValve.invoke(StandardHostValve.java:165)
	at org.apache.catalina.valves.ErrorReportValve.invoke(ErrorReportValve.java:104)
	at org.apache.catalina.valves.AccessLogValve.invoke(AccessLogValve.java:1025)
	at org.apache.catalina.core.StandardEngineValve.invoke(StandardEngineValve.java:116)
	at org.apache.catalina.connector.CoyoteAdapter.service(CoyoteAdapter.java:452)
	at org.apache.coyote.http11.AbstractHttp11Processor.process(AbstractHttp11Processor.java:1195)
	at org.apache.coyote.AbstractProtocol$AbstractConnectionHandler.process(AbstractProtocol.java:654)
	at org.apache.tomcat.util.net.AprEndpoint$SocketProcessor.doRun(AprEndpoint.java:2532)
	at org.apache.tomcat.util.net.AprEndpoint$SocketProcessor.run(AprEndpoint.java:2521)
	at java.util.concurrent.ThreadPoolExecutor.runWorker(Unknown Source)
	at java.util.concurrent.ThreadPoolExecutor$Worker.run(Unknown Source)
	at org.apache.tomcat.util.threads.TaskThread$WrappingRunnable.run(TaskThread.java:61)
	at java.lang.Thread.run(Unknown Source)

мар 10, 2020 5:26:57 PM org.apache.catalina.core.ApplicationContext log
INFO: ContextListener: contextInitialized()
мар 10, 2020 5:26:57 PM org.apache.catalina.core.ApplicationContext log
INFO: SessionListener: contextInitialized()
мар 10, 2020 5:26:57 PM org.apache.catalina.core.ApplicationContext log
INFO: ContextListener: attributeAdded('StockTicker', 'async.Stockticker@71a3cb12')
мар 10, 2020 5:26:57 PM org.apache.catalina.core.ApplicationContext log
INFO: ContextListener: attributeAdded('org.apache.jasper.compiler.TldLocationsCache', 'org.apache.jasper.compiler.TldLocationsCache@718208a5')
мар 10, 2020 5:27:00 PM org.apache.catalina.core.ApplicationContext log
INFO: SessionListener: contextDestroyed()
мар 10, 2020 5:27:00 PM org.apache.catalina.core.ApplicationContext log
INFO: ContextListener: contextDestroyed()
мар 10, 2020 5:27:11 PM org.apache.catalina.core.ApplicationContext log
INFO: ContextListener: contextInitialized()
мар 10, 2020 5:27:11 PM org.apache.catalina.core.ApplicationContext log
INFO: SessionListener: contextInitialized()
мар 10, 2020 5:27:11 PM org.apache.catalina.core.ApplicationContext log
INFO: ContextListener: attributeAdded('StockTicker', 'async.Stockticker@ca4f102')
мар 10, 2020 5:27:11 PM org.apache.catalina.core.ApplicationContext log
INFO: ContextListener: attributeAdded('org.apache.jasper.compiler.TldLocationsCache', 'org.apache.jasper.compiler.TldLocationsCache@4458bfe8')
мар 10, 2020 5:28:02 PM org.apache.catalina.core.ApplicationContext log
INFO: ContextListener: contextInitialized()
мар 10, 2020 5:28:02 PM org.apache.catalina.core.ApplicationContext log
INFO: SessionListener: contextInitialized()
мар 10, 2020 5:28:02 PM org.apache.catalina.core.ApplicationContext log
INFO: ContextListener: attributeAdded('StockTicker', 'async.Stockticker@4041a01')
мар 10, 2020 5:28:02 PM org.apache.catalina.core.ApplicationContext log
INFO: ContextListener: attributeAdded('org.apache.jasper.compiler.TldLocationsCache', 'org.apache.jasper.compiler.TldLocationsCache@408cd3a3')
мар 10, 2020 5:29:38 PM org.apache.catalina.core.StandardWrapperValve invoke
SEVERE: Servlet.service() for servlet [jsp] in context with path [/axis] threw exception [javax.servlet.ServletException: java.lang.ExceptionInInitializerError] with root cause
org.apache.commons.logging.LogConfigurationException: Invalid class loader hierarchy.  You have more than one version of 'org.apache.commons.logging.Log' visible, which is not allowed.
	at org.apache.commons.logging.impl.LogFactoryImpl.getLogConstructor(LogFactoryImpl.java:385)
	at org.apache.commons.logging.impl.LogFactoryImpl.newInstance(LogFactoryImpl.java:529)
	at org.apache.commons.logging.impl.LogFactoryImpl.getInstance(LogFactoryImpl.java:235)
	at org.apache.commons.logging.LogFactory.getLog(LogFactory.java:370)
	at org.apache.xml.security.Init.<clinit>(Unknown Source)
	at java.lang.Class.forName0(Native Method)
	at java.lang.Class.forName(Unknown Source)
	at org.apache.jsp.happyaxis_jsp.classExists(happyaxis_jsp.java:42)
	at org.apache.jsp.happyaxis_jsp.probeClass(happyaxis_jsp.java:85)
	at org.apache.jsp.happyaxis_jsp.wantClass(happyaxis_jsp.java:184)
	at org.apache.jsp.happyaxis_jsp._jspService(happyaxis_jsp.java:714)
	at org.apache.jasper.runtime.HttpJspBase.service(HttpJspBase.java:71)
	at javax.servlet.http.HttpServlet.service(HttpServlet.java:728)
	at org.apache.jasper.servlet.JspServletWrapper.service(JspServletWrapper.java:477)
	at org.apache.jasper.servlet.JspServlet.serviceJspFile(JspServlet.java:395)
	at org.apache.jasper.servlet.JspServlet.service(JspServlet.java:339)
	at javax.servlet.http.HttpServlet.service(HttpServlet.java:728)
	at org.apache.catalina.core.ApplicationFilterChain.internalDoFilter(ApplicationFilterChain.java:303)
	at org.apache.catalina.core.ApplicationFilterChain.doFilter(ApplicationFilterChain.java:208)
	at org.apache.tomcat.websocket.server.WsFilter.doFilter(WsFilter.java:52)
	at org.apache.catalina.core.ApplicationFilterChain.internalDoFilter(ApplicationFilterChain.java:241)
	at org.apache.catalina.core.ApplicationFilterChain.doFilter(ApplicationFilterChain.java:208)
	at org.apache.catalina.core.StandardWrapperValve.invoke(StandardWrapperValve.java:219)
	at org.apache.catalina.core.StandardContextValve.invoke(StandardContextValve.java:110)
	at org.apache.catalina.authenticator.AuthenticatorBase.invoke(AuthenticatorBase.java:492)
	at org.apache.catalina.core.StandardHostValve.invoke(StandardHostValve.java:165)
	at org.apache.catalina.valves.ErrorReportValve.invoke(ErrorReportValve.java:104)
	at org.apache.catalina.valves.AccessLogValve.invoke(AccessLogValve.java:1025)
	at org.apache.catalina.core.StandardEngineValve.invoke(StandardEngineValve.java:116)
	at org.apache.catalina.connector.CoyoteAdapter.service(CoyoteAdapter.java:452)
	at org.apache.coyote.http11.AbstractHttp11Processor.process(AbstractHttp11Processor.java:1195)
	at org.apache.coyote.AbstractProtocol$AbstractConnectionHandler.process(AbstractProtocol.java:654)
	at org.apache.tomcat.util.net.AprEndpoint$SocketProcessor.doRun(AprEndpoint.java:2532)
	at org.apache.tomcat.util.net.AprEndpoint$SocketProcessor.run(AprEndpoint.java:2521)
	at java.util.concurrent.ThreadPoolExecutor.runWorker(Unknown Source)
	at java.util.concurrent.ThreadPoolExecutor$Worker.run(Unknown Source)
	at org.apache.tomcat.util.threads.TaskThread$WrappingRunnable.run(TaskThread.java:61)
	at java.lang.Thread.run(Unknown Source)

мар 10, 2020 6:02:08 PM org.apache.catalina.core.ApplicationContext log
INFO: ContextListener: contextInitialized()
мар 10, 2020 6:02:08 PM org.apache.catalina.core.ApplicationContext log
INFO: SessionListener: contextInitialized()
мар 10, 2020 6:02:08 PM org.apache.catalina.core.ApplicationContext log
INFO: ContextListener: attributeAdded('StockTicker', 'async.Stockticker@7a7a9491')
мар 10, 2020 6:02:08 PM org.apache.catalina.core.ApplicationContext log
INFO: ContextListener: attributeAdded('org.apache.jasper.compiler.TldLocationsCache', 'org.apache.jasper.compiler.TldLocationsCache@178ac525')
мар 10, 2020 6:32:30 PM org.apache.catalina.core.ApplicationContext log
INFO: ContextListener: contextInitialized()
мар 10, 2020 6:32:30 PM org.apache.catalina.core.ApplicationContext log
INFO: SessionListener: contextInitialized()
мар 10, 2020 6:32:30 PM org.apache.catalina.core.ApplicationContext log
INFO: ContextListener: attributeAdded('StockTicker', 'async.Stockticker@3c09569f')
мар 10, 2020 6:32:30 PM org.apache.catalina.core.ApplicationContext log
INFO: ContextListener: attributeAdded('org.apache.jasper.compiler.TldLocationsCache', 'org.apache.jasper.compiler.TldLocationsCache@67112750')
мар 10, 2020 6:32:37 PM org.apache.catalina.core.ApplicationContext log
INFO: SessionListener: contextDestroyed()
мар 10, 2020 6:32:37 PM org.apache.catalina.core.ApplicationContext log
INFO: ContextListener: contextDestroyed()
мар 10, 2020 11:41:14 PM org.apache.catalina.core.ApplicationContext log
INFO: ContextListener: contextInitialized()
мар 10, 2020 11:41:14 PM org.apache.catalina.core.ApplicationContext log
INFO: SessionListener: contextInitialized()
мар 10, 2020 11:41:14 PM org.apache.catalina.core.ApplicationContext log
INFO: ContextListener: attributeAdded('StockTicker', 'async.Stockticker@561d4246')
мар 10, 2020 11:41:14 PM org.apache.catalina.core.ApplicationContext log
INFO: ContextListener: attributeAdded('org.apache.jasper.compiler.TldLocationsCache', 'org.apache.jasper.compiler.TldLocationsCache@65ca0833')
мар 10, 2020 11:46:11 PM org.apache.catalina.core.ApplicationContext log
INFO: ContextListener: contextInitialized()
мар 10, 2020 11:46:11 PM org.apache.catalina.core.ApplicationContext log
INFO: SessionListener: contextInitialized()
мар 10, 2020 11:46:11 PM org.apache.catalina.core.ApplicationContext log
INFO: ContextListener: attributeAdded('StockTicker', 'async.Stockticker@153f9d3a')
мар 10, 2020 11:46:11 PM org.apache.catalina.core.ApplicationContext log
INFO: ContextListener: attributeAdded('org.apache.jasper.compiler.TldLocationsCache', 'org.apache.jasper.compiler.TldLocationsCache@7aa1e79a')
мар 10, 2020 11:46:15 PM org.apache.catalina.core.ApplicationContext log
INFO: SessionListener: contextDestroyed()
мар 10, 2020 11:46:15 PM org.apache.catalina.core.ApplicationContext log
INFO: ContextListener: contextDestroyed()
мар 10, 2020 11:46:23 PM org.apache.catalina.core.ApplicationContext log
INFO: ContextListener: contextInitialized()
мар 10, 2020 11:46:23 PM org.apache.catalina.core.ApplicationContext log
INFO: SessionListener: contextInitialized()
мар 10, 2020 11:46:23 PM org.apache.catalina.core.ApplicationContext log
INFO: ContextListener: attributeAdded('StockTicker', 'async.Stockticker@23224433')
мар 10, 2020 11:46:23 PM org.apache.catalina.core.ApplicationContext log
INFO: ContextListener: attributeAdded('org.apache.jasper.compiler.TldLocationsCache', 'org.apache.jasper.compiler.TldLocationsCache@9c45978')
мар 10, 2020 11:47:27 PM org.apache.catalina.core.ApplicationContext log
INFO: ContextListener: contextInitialized()
мар 10, 2020 11:47:27 PM org.apache.catalina.core.ApplicationContext log
INFO: SessionListener: contextInitialized()
мар 10, 2020 11:47:27 PM org.apache.catalina.core.ApplicationContext log
INFO: ContextListener: attributeAdded('StockTicker', 'async.Stockticker@181184fb')
мар 10, 2020 11:47:27 PM org.apache.catalina.core.ApplicationContext log
INFO: ContextListener: attributeAdded('org.apache.jasper.compiler.TldLocationsCache', 'org.apache.jasper.compiler.TldLocationsCache@3e87d09c')
мар 10, 2020 11:47:31 PM org.apache.catalina.core.ApplicationContext log
INFO: SessionListener: contextDestroyed()
мар 10, 2020 11:47:31 PM org.apache.catalina.core.ApplicationContext log
INFO: ContextListener: contextDestroyed()
мар 10, 2020 11:47:47 PM org.apache.catalina.core.ApplicationContext log
INFO: ContextListener: contextInitialized()
мар 10, 2020 11:47:47 PM org.apache.catalina.core.ApplicationContext log
INFO: SessionListener: contextInitialized()
мар 10, 2020 11:47:47 PM org.apache.catalina.core.ApplicationContext log
INFO: ContextListener: attributeAdded('StockTicker', 'async.Stockticker@22b41c2e')
мар 10, 2020 11:47:47 PM org.apache.catalina.core.ApplicationContext log
INFO: ContextListener: attributeAdded('org.apache.jasper.compiler.TldLocationsCache', 'org.apache.jasper.compiler.TldLocationsCache@42eff7a2')
мар 10, 2020 11:49:28 PM org.apache.catalina.core.ApplicationContext log
INFO: ContextListener: contextInitialized()
мар 10, 2020 11:49:28 PM org.apache.catalina.core.ApplicationContext log
INFO: SessionListener: contextInitialized()
мар 10, 2020 11:49:28 PM org.apache.catalina.core.ApplicationContext log
INFO: ContextListener: attributeAdded('StockTicker', 'async.Stockticker@23224433')
мар 10, 2020 11:49:28 PM org.apache.catalina.core.ApplicationContext log
INFO: ContextListener: attributeAdded('org.apache.jasper.compiler.TldLocationsCache', 'org.apache.jasper.compiler.TldLocationsCache@9c45978')
мар 10, 2020 11:51:28 PM org.apache.catalina.core.ApplicationContext log
INFO: ContextListener: contextInitialized()
мар 10, 2020 11:51:28 PM org.apache.catalina.core.ApplicationContext log
INFO: SessionListener: contextInitialized()
мар 10, 2020 11:51:28 PM org.apache.catalina.core.ApplicationContext log
INFO: ContextListener: attributeAdded('StockTicker', 'async.Stockticker@5db5d8a3')
мар 10, 2020 11:51:28 PM org.apache.catalina.core.ApplicationContext log
INFO: ContextListener: attributeAdded('org.apache.jasper.compiler.TldLocationsCache', 'org.apache.jasper.compiler.TldLocationsCache@4b419e90')
