мар 05, 2020 12:19:51 AM org.apache.catalina.core.ApplicationContext log
INFO: ContextListener: contextInitialized()
мар 05, 2020 12:19:51 AM org.apache.catalina.core.ApplicationContext log
INFO: SessionListener: contextInitialized()
мар 05, 2020 12:19:51 AM org.apache.catalina.core.ApplicationContext log
INFO: ContextListener: attributeAdded('StockTicker', 'async.Stockticker@1ca54677')
мар 05, 2020 12:19:51 AM org.apache.catalina.core.ApplicationContext log
INFO: ContextListener: attributeAdded('org.apache.jasper.compiler.TldLocationsCache', 'org.apache.jasper.compiler.TldLocationsCache@2cf43d42')
мар 05, 2020 1:02:15 AM org.apache.catalina.core.ApplicationContext log
INFO: ContextListener: contextInitialized()
мар 05, 2020 1:02:15 AM org.apache.catalina.core.ApplicationContext log
INFO: SessionListener: contextInitialized()
мар 05, 2020 1:02:15 AM org.apache.catalina.core.ApplicationContext log
INFO: ContextListener: attributeAdded('StockTicker', 'async.Stockticker@71a16aa9')
мар 05, 2020 1:02:15 AM org.apache.catalina.core.ApplicationContext log
INFO: ContextListener: attributeAdded('org.apache.jasper.compiler.TldLocationsCache', 'org.apache.jasper.compiler.TldLocationsCache@51bd1cc1')
мар 05, 2020 1:08:13 AM org.apache.catalina.core.ApplicationContext log
INFO: ContextListener: contextInitialized()
мар 05, 2020 1:08:13 AM org.apache.catalina.core.ApplicationContext log
INFO: SessionListener: contextInitialized()
мар 05, 2020 1:08:13 AM org.apache.catalina.core.ApplicationContext log
INFO: ContextListener: attributeAdded('StockTicker', 'async.Stockticker@423671fb')
мар 05, 2020 1:08:13 AM org.apache.catalina.core.ApplicationContext log
INFO: ContextListener: attributeAdded('org.apache.jasper.compiler.TldLocationsCache', 'org.apache.jasper.compiler.TldLocationsCache@40d677c7')
мар 05, 2020 1:08:16 AM org.apache.catalina.core.ApplicationContext log
INFO: SessionListener: contextDestroyed()
мар 05, 2020 1:08:16 AM org.apache.catalina.core.ApplicationContext log
INFO: ContextListener: contextDestroyed()
мар 05, 2020 1:08:34 AM org.apache.catalina.core.ApplicationContext log
INFO: ContextListener: contextInitialized()
мар 05, 2020 1:08:34 AM org.apache.catalina.core.ApplicationContext log
INFO: SessionListener: contextInitialized()
мар 05, 2020 1:08:34 AM org.apache.catalina.core.ApplicationContext log
INFO: ContextListener: attributeAdded('StockTicker', 'async.Stockticker@2b45f513')
мар 05, 2020 1:08:34 AM org.apache.catalina.core.ApplicationContext log
INFO: ContextListener: attributeAdded('org.apache.jasper.compiler.TldLocationsCache', 'org.apache.jasper.compiler.TldLocationsCache@333f6235')
мар 05, 2020 1:08:36 AM org.apache.catalina.core.ApplicationContext log
INFO: SessionListener: contextDestroyed()
мар 05, 2020 1:08:36 AM org.apache.catalina.core.ApplicationContext log
INFO: ContextListener: contextDestroyed()
мар 05, 2020 1:09:16 AM org.apache.catalina.core.ApplicationContext log
INFO: ContextListener: contextInitialized()
мар 05, 2020 1:09:16 AM org.apache.catalina.core.ApplicationContext log
INFO: SessionListener: contextInitialized()
мар 05, 2020 1:09:16 AM org.apache.catalina.core.ApplicationContext log
INFO: ContextListener: attributeAdded('StockTicker', 'async.Stockticker@1d654f0c')
мар 05, 2020 1:09:16 AM org.apache.catalina.core.ApplicationContext log
INFO: ContextListener: attributeAdded('org.apache.jasper.compiler.TldLocationsCache', 'org.apache.jasper.compiler.TldLocationsCache@1b32ea0')
мар 05, 2020 1:09:19 AM org.apache.catalina.core.ApplicationContext log
INFO: SessionListener: contextDestroyed()
мар 05, 2020 1:09:19 AM org.apache.catalina.core.ApplicationContext log
INFO: ContextListener: contextDestroyed()
мар 05, 2020 1:10:15 AM org.apache.catalina.core.StandardWrapperValve invoke
SEVERE: Servlet.service() for servlet [jsp] in context with path [/axis] threw exception [javax.servlet.ServletException: java.lang.ExceptionInInitializerError] with root cause
org.apache.commons.logging.LogConfigurationException: Invalid class loader hierarchy.  You have more than one version of 'org.apache.commons.logging.Log' visible, which is not allowed.
	at org.apache.commons.logging.impl.LogFactoryImpl.getLogConstructor(LogFactoryImpl.java:385)
	at org.apache.commons.logging.impl.LogFactoryImpl.newInstance(LogFactoryImpl.java:529)
	at org.apache.commons.logging.impl.LogFactoryImpl.getInstance(LogFactoryImpl.java:235)
	at org.apache.commons.logging.LogFactory.getLog(LogFactory.java:370)
	at org.apache.xml.security.Init.<clinit>(Unknown Source)
	at java.lang.Class.forName0(Native Method)
	at java.lang.Class.forName(Unknown Source)
	at org.apache.jsp.happyaxis_jsp.classExists(happyaxis_jsp.java:42)
	at org.apache.jsp.happyaxis_jsp.probeClass(happyaxis_jsp.java:85)
	at org.apache.jsp.happyaxis_jsp.wantClass(happyaxis_jsp.java:184)
	at org.apache.jsp.happyaxis_jsp._jspService(happyaxis_jsp.java:714)
	at org.apache.jasper.runtime.HttpJspBase.service(HttpJspBase.java:71)
	at javax.servlet.http.HttpServlet.service(HttpServlet.java:728)
	at org.apache.jasper.servlet.JspServletWrapper.service(JspServletWrapper.java:477)
	at org.apache.jasper.servlet.JspServlet.serviceJspFile(JspServlet.java:395)
	at org.apache.jasper.servlet.JspServlet.service(JspServlet.java:339)
	at javax.servlet.http.HttpServlet.service(HttpServlet.java:728)
	at org.apache.catalina.core.ApplicationFilterChain.internalDoFilter(ApplicationFilterChain.java:303)
	at org.apache.catalina.core.ApplicationFilterChain.doFilter(ApplicationFilterChain.java:208)
	at org.apache.tomcat.websocket.server.WsFilter.doFilter(WsFilter.java:52)
	at org.apache.catalina.core.ApplicationFilterChain.internalDoFilter(ApplicationFilterChain.java:241)
	at org.apache.catalina.core.ApplicationFilterChain.doFilter(ApplicationFilterChain.java:208)
	at org.apache.catalina.core.StandardWrapperValve.invoke(StandardWrapperValve.java:219)
	at org.apache.catalina.core.StandardContextValve.invoke(StandardContextValve.java:110)
	at org.apache.catalina.authenticator.AuthenticatorBase.invoke(AuthenticatorBase.java:492)
	at org.apache.catalina.core.StandardHostValve.invoke(StandardHostValve.java:165)
	at org.apache.catalina.valves.ErrorReportValve.invoke(ErrorReportValve.java:104)
	at org.apache.catalina.valves.AccessLogValve.invoke(AccessLogValve.java:1025)
	at org.apache.catalina.core.StandardEngineValve.invoke(StandardEngineValve.java:116)
	at org.apache.catalina.connector.CoyoteAdapter.service(CoyoteAdapter.java:452)
	at org.apache.coyote.http11.AbstractHttp11Processor.process(AbstractHttp11Processor.java:1195)
	at org.apache.coyote.AbstractProtocol$AbstractConnectionHandler.process(AbstractProtocol.java:654)
	at org.apache.tomcat.util.net.AprEndpoint$SocketProcessor.doRun(AprEndpoint.java:2532)
	at org.apache.tomcat.util.net.AprEndpoint$SocketProcessor.run(AprEndpoint.java:2521)
	at java.util.concurrent.ThreadPoolExecutor.runWorker(Unknown Source)
	at java.util.concurrent.ThreadPoolExecutor$Worker.run(Unknown Source)
	at org.apache.tomcat.util.threads.TaskThread$WrappingRunnable.run(TaskThread.java:61)
	at java.lang.Thread.run(Unknown Source)

мар 05, 2020 1:12:19 AM org.apache.catalina.core.ApplicationContext log
INFO: ContextListener: contextInitialized()
мар 05, 2020 1:12:19 AM org.apache.catalina.core.ApplicationContext log
INFO: SessionListener: contextInitialized()
мар 05, 2020 1:12:19 AM org.apache.catalina.core.ApplicationContext log
INFO: ContextListener: attributeAdded('StockTicker', 'async.Stockticker@6f7cec34')
мар 05, 2020 1:12:19 AM org.apache.catalina.core.ApplicationContext log
INFO: ContextListener: attributeAdded('org.apache.jasper.compiler.TldLocationsCache', 'org.apache.jasper.compiler.TldLocationsCache@5be8370b')
мар 05, 2020 1:12:22 AM org.apache.catalina.core.ApplicationContext log
INFO: SessionListener: contextDestroyed()
мар 05, 2020 1:12:22 AM org.apache.catalina.core.ApplicationContext log
INFO: ContextListener: contextDestroyed()
мар 05, 2020 1:13:23 AM org.apache.catalina.core.ApplicationContext log
INFO: ContextListener: contextInitialized()
мар 05, 2020 1:13:23 AM org.apache.catalina.core.ApplicationContext log
INFO: SessionListener: contextInitialized()
мар 05, 2020 1:13:23 AM org.apache.catalina.core.ApplicationContext log
INFO: ContextListener: attributeAdded('StockTicker', 'async.Stockticker@201ee1be')
мар 05, 2020 1:13:23 AM org.apache.catalina.core.ApplicationContext log
INFO: ContextListener: attributeAdded('org.apache.jasper.compiler.TldLocationsCache', 'org.apache.jasper.compiler.TldLocationsCache@20ce7721')
мар 05, 2020 1:13:26 AM org.apache.catalina.core.ApplicationContext log
INFO: SessionListener: contextDestroyed()
мар 05, 2020 1:13:26 AM org.apache.catalina.core.ApplicationContext log
INFO: ContextListener: contextDestroyed()
мар 05, 2020 1:14:10 AM org.apache.catalina.core.ApplicationContext log
INFO: ContextListener: contextInitialized()
мар 05, 2020 1:14:10 AM org.apache.catalina.core.ApplicationContext log
INFO: SessionListener: contextInitialized()
мар 05, 2020 1:14:10 AM org.apache.catalina.core.ApplicationContext log
INFO: ContextListener: attributeAdded('StockTicker', 'async.Stockticker@419dddc4')
мар 05, 2020 1:14:10 AM org.apache.catalina.core.ApplicationContext log
INFO: ContextListener: attributeAdded('org.apache.jasper.compiler.TldLocationsCache', 'org.apache.jasper.compiler.TldLocationsCache@3eee0b79')
мар 05, 2020 1:14:12 AM org.apache.catalina.core.ApplicationContext log
INFO: SessionListener: contextDestroyed()
мар 05, 2020 1:14:12 AM org.apache.catalina.core.ApplicationContext log
INFO: ContextListener: contextDestroyed()
мар 05, 2020 1:31:36 AM org.apache.catalina.core.ApplicationContext log
INFO: ContextListener: contextInitialized()
мар 05, 2020 1:31:36 AM org.apache.catalina.core.ApplicationContext log
INFO: SessionListener: contextInitialized()
мар 05, 2020 1:31:36 AM org.apache.catalina.core.ApplicationContext log
INFO: ContextListener: attributeAdded('StockTicker', 'async.Stockticker@12f1ba89')
мар 05, 2020 1:31:36 AM org.apache.catalina.core.ApplicationContext log
INFO: ContextListener: attributeAdded('org.apache.jasper.compiler.TldLocationsCache', 'org.apache.jasper.compiler.TldLocationsCache@224d186c')
мар 05, 2020 1:31:47 AM org.apache.catalina.core.StandardWrapperValve invoke
SEVERE: Servlet.service() for servlet [jsp] in context with path [/axis] threw exception [javax.servlet.ServletException: java.lang.ExceptionInInitializerError] with root cause
org.apache.commons.logging.LogConfigurationException: Invalid class loader hierarchy.  You have more than one version of 'org.apache.commons.logging.Log' visible, which is not allowed.
	at org.apache.commons.logging.impl.LogFactoryImpl.getLogConstructor(LogFactoryImpl.java:385)
	at org.apache.commons.logging.impl.LogFactoryImpl.newInstance(LogFactoryImpl.java:529)
	at org.apache.commons.logging.impl.LogFactoryImpl.getInstance(LogFactoryImpl.java:235)
	at org.apache.commons.logging.LogFactory.getLog(LogFactory.java:370)
	at org.apache.xml.security.Init.<clinit>(Unknown Source)
	at java.lang.Class.forName0(Native Method)
	at java.lang.Class.forName(Unknown Source)
	at org.apache.jsp.happyaxis_jsp.classExists(happyaxis_jsp.java:42)
	at org.apache.jsp.happyaxis_jsp.probeClass(happyaxis_jsp.java:85)
	at org.apache.jsp.happyaxis_jsp.wantClass(happyaxis_jsp.java:184)
	at org.apache.jsp.happyaxis_jsp._jspService(happyaxis_jsp.java:714)
	at org.apache.jasper.runtime.HttpJspBase.service(HttpJspBase.java:71)
	at javax.servlet.http.HttpServlet.service(HttpServlet.java:728)
	at org.apache.jasper.servlet.JspServletWrapper.service(JspServletWrapper.java:477)
	at org.apache.jasper.servlet.JspServlet.serviceJspFile(JspServlet.java:395)
	at org.apache.jasper.servlet.JspServlet.service(JspServlet.java:339)
	at javax.servlet.http.HttpServlet.service(HttpServlet.java:728)
	at org.apache.catalina.core.ApplicationFilterChain.internalDoFilter(ApplicationFilterChain.java:303)
	at org.apache.catalina.core.ApplicationFilterChain.doFilter(ApplicationFilterChain.java:208)
	at org.apache.tomcat.websocket.server.WsFilter.doFilter(WsFilter.java:52)
	at org.apache.catalina.core.ApplicationFilterChain.internalDoFilter(ApplicationFilterChain.java:241)
	at org.apache.catalina.core.ApplicationFilterChain.doFilter(ApplicationFilterChain.java:208)
	at org.apache.catalina.core.StandardWrapperValve.invoke(StandardWrapperValve.java:219)
	at org.apache.catalina.core.StandardContextValve.invoke(StandardContextValve.java:110)
	at org.apache.catalina.authenticator.AuthenticatorBase.invoke(AuthenticatorBase.java:492)
	at org.apache.catalina.core.StandardHostValve.invoke(StandardHostValve.java:165)
	at org.apache.catalina.valves.ErrorReportValve.invoke(ErrorReportValve.java:104)
	at org.apache.catalina.valves.AccessLogValve.invoke(AccessLogValve.java:1025)
	at org.apache.catalina.core.StandardEngineValve.invoke(StandardEngineValve.java:116)
	at org.apache.catalina.connector.CoyoteAdapter.service(CoyoteAdapter.java:452)
	at org.apache.coyote.http11.AbstractHttp11Processor.process(AbstractHttp11Processor.java:1195)
	at org.apache.coyote.AbstractProtocol$AbstractConnectionHandler.process(AbstractProtocol.java:654)
	at org.apache.tomcat.util.net.AprEndpoint$SocketProcessor.doRun(AprEndpoint.java:2532)
	at org.apache.tomcat.util.net.AprEndpoint$SocketProcessor.run(AprEndpoint.java:2521)
	at java.util.concurrent.ThreadPoolExecutor.runWorker(Unknown Source)
	at java.util.concurrent.ThreadPoolExecutor$Worker.run(Unknown Source)
	at org.apache.tomcat.util.threads.TaskThread$WrappingRunnable.run(TaskThread.java:61)
	at java.lang.Thread.run(Unknown Source)

мар 05, 2020 2:23:09 AM org.apache.catalina.core.ApplicationContext log
INFO: ContextListener: contextInitialized()
мар 05, 2020 2:23:09 AM org.apache.catalina.core.ApplicationContext log
INFO: SessionListener: contextInitialized()
мар 05, 2020 2:23:09 AM org.apache.catalina.core.ApplicationContext log
INFO: ContextListener: attributeAdded('StockTicker', 'async.Stockticker@5b9ca490')
мар 05, 2020 2:23:10 AM org.apache.catalina.core.ApplicationContext log
INFO: ContextListener: attributeAdded('org.apache.jasper.compiler.TldLocationsCache', 'org.apache.jasper.compiler.TldLocationsCache@671731b2')
мар 05, 2020 2:23:18 AM org.apache.catalina.core.ApplicationContext log
INFO: SessionListener: contextDestroyed()
мар 05, 2020 2:23:18 AM org.apache.catalina.core.ApplicationContext log
INFO: ContextListener: contextDestroyed()
мар 05, 2020 2:25:34 AM org.apache.catalina.core.ApplicationContext log
INFO: ContextListener: contextInitialized()
мар 05, 2020 2:25:34 AM org.apache.catalina.core.ApplicationContext log
INFO: SessionListener: contextInitialized()
мар 05, 2020 2:25:34 AM org.apache.catalina.core.ApplicationContext log
INFO: ContextListener: attributeAdded('StockTicker', 'async.Stockticker@7cef3b74')
мар 05, 2020 2:25:34 AM org.apache.catalina.core.ApplicationContext log
INFO: ContextListener: attributeAdded('org.apache.jasper.compiler.TldLocationsCache', 'org.apache.jasper.compiler.TldLocationsCache@278539d9')
мар 05, 2020 2:25:36 AM org.apache.catalina.core.ApplicationContext log
INFO: SessionListener: contextDestroyed()
мар 05, 2020 2:25:36 AM org.apache.catalina.core.ApplicationContext log
INFO: ContextListener: contextDestroyed()
мар 05, 2020 2:29:37 AM org.apache.catalina.core.ApplicationContext log
INFO: SessionListener: contextDestroyed()
мар 05, 2020 2:29:37 AM org.apache.catalina.core.ApplicationContext log
INFO: ContextListener: contextDestroyed()
мар 05, 2020 2:29:55 AM org.apache.catalina.core.ApplicationContext log
INFO: ContextListener: contextInitialized()
мар 05, 2020 2:29:55 AM org.apache.catalina.core.ApplicationContext log
INFO: SessionListener: contextInitialized()
мар 05, 2020 2:29:55 AM org.apache.catalina.core.ApplicationContext log
INFO: ContextListener: attributeAdded('StockTicker', 'async.Stockticker@7c2b799')
мар 05, 2020 2:29:55 AM org.apache.catalina.core.ApplicationContext log
INFO: ContextListener: attributeAdded('org.apache.jasper.compiler.TldLocationsCache', 'org.apache.jasper.compiler.TldLocationsCache@2b0c4a9c')
мар 05, 2020 2:30:02 AM org.apache.catalina.core.StandardWrapperValve invoke
SEVERE: Servlet.service() for servlet [jsp] in context with path [/axis] threw exception [javax.servlet.ServletException: java.lang.ExceptionInInitializerError] with root cause
org.apache.commons.logging.LogConfigurationException: Invalid class loader hierarchy.  You have more than one version of 'org.apache.commons.logging.Log' visible, which is not allowed.
	at org.apache.commons.logging.impl.LogFactoryImpl.getLogConstructor(LogFactoryImpl.java:385)
	at org.apache.commons.logging.impl.LogFactoryImpl.newInstance(LogFactoryImpl.java:529)
	at org.apache.commons.logging.impl.LogFactoryImpl.getInstance(LogFactoryImpl.java:235)
	at org.apache.commons.logging.LogFactory.getLog(LogFactory.java:370)
	at org.apache.xml.security.Init.<clinit>(Unknown Source)
	at java.lang.Class.forName0(Native Method)
	at java.lang.Class.forName(Unknown Source)
	at org.apache.jsp.happyaxis_jsp.classExists(happyaxis_jsp.java:42)
	at org.apache.jsp.happyaxis_jsp.probeClass(happyaxis_jsp.java:85)
	at org.apache.jsp.happyaxis_jsp.wantClass(happyaxis_jsp.java:184)
	at org.apache.jsp.happyaxis_jsp._jspService(happyaxis_jsp.java:714)
	at org.apache.jasper.runtime.HttpJspBase.service(HttpJspBase.java:71)
	at javax.servlet.http.HttpServlet.service(HttpServlet.java:728)
	at org.apache.jasper.servlet.JspServletWrapper.service(JspServletWrapper.java:477)
	at org.apache.jasper.servlet.JspServlet.serviceJspFile(JspServlet.java:395)
	at org.apache.jasper.servlet.JspServlet.service(JspServlet.java:339)
	at javax.servlet.http.HttpServlet.service(HttpServlet.java:728)
	at org.apache.catalina.core.ApplicationFilterChain.internalDoFilter(ApplicationFilterChain.java:303)
	at org.apache.catalina.core.ApplicationFilterChain.doFilter(ApplicationFilterChain.java:208)
	at org.apache.tomcat.websocket.server.WsFilter.doFilter(WsFilter.java:52)
	at org.apache.catalina.core.ApplicationFilterChain.internalDoFilter(ApplicationFilterChain.java:241)
	at org.apache.catalina.core.ApplicationFilterChain.doFilter(ApplicationFilterChain.java:208)
	at org.apache.catalina.core.StandardWrapperValve.invoke(StandardWrapperValve.java:219)
	at org.apache.catalina.core.StandardContextValve.invoke(StandardContextValve.java:110)
	at org.apache.catalina.authenticator.AuthenticatorBase.invoke(AuthenticatorBase.java:492)
	at org.apache.catalina.core.StandardHostValve.invoke(StandardHostValve.java:165)
	at org.apache.catalina.valves.ErrorReportValve.invoke(ErrorReportValve.java:104)
	at org.apache.catalina.valves.AccessLogValve.invoke(AccessLogValve.java:1025)
	at org.apache.catalina.core.StandardEngineValve.invoke(StandardEngineValve.java:116)
	at org.apache.catalina.connector.CoyoteAdapter.service(CoyoteAdapter.java:452)
	at org.apache.coyote.http11.AbstractHttp11Processor.process(AbstractHttp11Processor.java:1195)
	at org.apache.coyote.AbstractProtocol$AbstractConnectionHandler.process(AbstractProtocol.java:654)
	at org.apache.tomcat.util.net.AprEndpoint$SocketProcessor.doRun(AprEndpoint.java:2532)
	at org.apache.tomcat.util.net.AprEndpoint$SocketProcessor.run(AprEndpoint.java:2521)
	at java.util.concurrent.ThreadPoolExecutor.runWorker(Unknown Source)
	at java.util.concurrent.ThreadPoolExecutor$Worker.run(Unknown Source)
	at org.apache.tomcat.util.threads.TaskThread$WrappingRunnable.run(TaskThread.java:61)
	at java.lang.Thread.run(Unknown Source)

