мар 03, 2020 3:59:57 PM org.apache.catalina.core.ApplicationContext log
INFO: ContextListener: contextInitialized()
мар 03, 2020 3:59:57 PM org.apache.catalina.core.ApplicationContext log
INFO: SessionListener: contextInitialized()
мар 03, 2020 3:59:57 PM org.apache.catalina.core.ApplicationContext log
INFO: ContextListener: attributeAdded('StockTicker', 'async.Stockticker@640ab61')
мар 03, 2020 3:59:57 PM org.apache.catalina.core.ApplicationContext log
INFO: ContextListener: attributeAdded('org.apache.jasper.compiler.TldLocationsCache', 'org.apache.jasper.compiler.TldLocationsCache@8f365cc')
мар 03, 2020 4:30:23 PM org.apache.catalina.core.ApplicationContext log
INFO: SessionListener: contextDestroyed()
мар 03, 2020 4:30:23 PM org.apache.catalina.core.ApplicationContext log
INFO: ContextListener: contextDestroyed()
мар 03, 2020 4:30:33 PM org.apache.catalina.core.ApplicationContext log
INFO: ContextListener: contextInitialized()
мар 03, 2020 4:30:33 PM org.apache.catalina.core.ApplicationContext log
INFO: SessionListener: contextInitialized()
мар 03, 2020 4:30:33 PM org.apache.catalina.core.ApplicationContext log
INFO: ContextListener: attributeAdded('StockTicker', 'async.Stockticker@6986d4e')
мар 03, 2020 4:30:33 PM org.apache.catalina.core.ApplicationContext log
INFO: ContextListener: attributeAdded('org.apache.jasper.compiler.TldLocationsCache', 'org.apache.jasper.compiler.TldLocationsCache@16e39eab')
мар 03, 2020 5:09:41 PM org.apache.catalina.core.ApplicationContext log
INFO: ContextListener: contextInitialized()
мар 03, 2020 5:09:41 PM org.apache.catalina.core.ApplicationContext log
INFO: SessionListener: contextInitialized()
мар 03, 2020 5:09:41 PM org.apache.catalina.core.ApplicationContext log
INFO: ContextListener: attributeAdded('StockTicker', 'async.Stockticker@193ebc4d')
мар 03, 2020 5:13:13 PM org.apache.catalina.core.ApplicationContext log
INFO: ContextListener: contextInitialized()
мар 03, 2020 5:13:13 PM org.apache.catalina.core.ApplicationContext log
INFO: SessionListener: contextInitialized()
мар 03, 2020 5:13:13 PM org.apache.catalina.core.ApplicationContext log
INFO: ContextListener: attributeAdded('StockTicker', 'async.Stockticker@6986d4e')
мар 03, 2020 5:13:13 PM org.apache.catalina.core.ApplicationContext log
INFO: ContextListener: attributeAdded('org.apache.jasper.compiler.TldLocationsCache', 'org.apache.jasper.compiler.TldLocationsCache@16e39eab')
мар 03, 2020 5:15:30 PM org.apache.catalina.core.ApplicationContext log
INFO: ContextListener: contextInitialized()
мар 03, 2020 5:15:30 PM org.apache.catalina.core.ApplicationContext log
INFO: SessionListener: contextInitialized()
мар 03, 2020 5:15:30 PM org.apache.catalina.core.ApplicationContext log
INFO: ContextListener: attributeAdded('StockTicker', 'async.Stockticker@5040fd3a')
мар 03, 2020 5:15:30 PM org.apache.catalina.core.ApplicationContext log
INFO: ContextListener: attributeAdded('org.apache.jasper.compiler.TldLocationsCache', 'org.apache.jasper.compiler.TldLocationsCache@7f32c68f')
мар 03, 2020 5:22:02 PM org.apache.catalina.core.ApplicationContext log
INFO: ContextListener: contextInitialized()
мар 03, 2020 5:22:02 PM org.apache.catalina.core.ApplicationContext log
INFO: SessionListener: contextInitialized()
мар 03, 2020 5:22:02 PM org.apache.catalina.core.ApplicationContext log
INFO: ContextListener: attributeAdded('StockTicker', 'async.Stockticker@5d059850')
мар 03, 2020 5:22:02 PM org.apache.catalina.core.ApplicationContext log
INFO: ContextListener: attributeAdded('org.apache.jasper.compiler.TldLocationsCache', 'org.apache.jasper.compiler.TldLocationsCache@667ccf99')
мар 03, 2020 5:26:09 PM org.apache.catalina.core.ApplicationContext log
INFO: SessionListener: contextDestroyed()
мар 03, 2020 5:26:09 PM org.apache.catalina.core.ApplicationContext log
INFO: ContextListener: contextDestroyed()
мар 03, 2020 5:26:17 PM org.apache.catalina.core.ApplicationContext log
INFO: ContextListener: contextInitialized()
мар 03, 2020 5:26:17 PM org.apache.catalina.core.ApplicationContext log
INFO: SessionListener: contextInitialized()
мар 03, 2020 5:26:17 PM org.apache.catalina.core.ApplicationContext log
INFO: ContextListener: attributeAdded('StockTicker', 'async.Stockticker@1c3ca19c')
мар 03, 2020 5:26:18 PM org.apache.catalina.core.ApplicationContext log
INFO: ContextListener: attributeAdded('org.apache.jasper.compiler.TldLocationsCache', 'org.apache.jasper.compiler.TldLocationsCache@6fd8f092')
мар 03, 2020 5:26:31 PM org.apache.catalina.core.ApplicationContext log
INFO: SessionListener: contextDestroyed()
мар 03, 2020 5:26:31 PM org.apache.catalina.core.ApplicationContext log
INFO: ContextListener: contextDestroyed()
мар 03, 2020 5:27:13 PM org.apache.catalina.core.ApplicationContext log
INFO: ContextListener: contextInitialized()
мар 03, 2020 5:27:13 PM org.apache.catalina.core.ApplicationContext log
INFO: SessionListener: contextInitialized()
мар 03, 2020 5:27:13 PM org.apache.catalina.core.ApplicationContext log
INFO: ContextListener: attributeAdded('StockTicker', 'async.Stockticker@489e3b54')
мар 03, 2020 5:27:13 PM org.apache.catalina.core.ApplicationContext log
INFO: ContextListener: attributeAdded('org.apache.jasper.compiler.TldLocationsCache', 'org.apache.jasper.compiler.TldLocationsCache@1ce9116e')
мар 03, 2020 5:29:15 PM org.apache.catalina.core.ApplicationContext log
INFO: ContextListener: contextInitialized()
мар 03, 2020 5:29:15 PM org.apache.catalina.core.ApplicationContext log
INFO: SessionListener: contextInitialized()
мар 03, 2020 5:29:15 PM org.apache.catalina.core.ApplicationContext log
INFO: ContextListener: attributeAdded('StockTicker', 'async.Stockticker@27a88728')
мар 03, 2020 5:33:39 PM org.apache.catalina.core.ApplicationContext log
INFO: ContextListener: contextInitialized()
мар 03, 2020 5:33:39 PM org.apache.catalina.core.ApplicationContext log
INFO: SessionListener: contextInitialized()
мар 03, 2020 5:33:39 PM org.apache.catalina.core.ApplicationContext log
INFO: ContextListener: attributeAdded('StockTicker', 'async.Stockticker@49f19a76')
мар 03, 2020 5:33:39 PM org.apache.catalina.core.ApplicationContext log
INFO: ContextListener: attributeAdded('org.apache.jasper.compiler.TldLocationsCache', 'org.apache.jasper.compiler.TldLocationsCache@b1a265f')
мар 03, 2020 5:36:48 PM org.apache.catalina.core.ApplicationContext log
INFO: ContextListener: contextInitialized()
мар 03, 2020 5:36:48 PM org.apache.catalina.core.ApplicationContext log
INFO: SessionListener: contextInitialized()
мар 03, 2020 5:36:48 PM org.apache.catalina.core.ApplicationContext log
INFO: ContextListener: attributeAdded('StockTicker', 'async.Stockticker@5fd7fb09')
мар 03, 2020 5:36:48 PM org.apache.catalina.core.ApplicationContext log
INFO: ContextListener: attributeAdded('org.apache.jasper.compiler.TldLocationsCache', 'org.apache.jasper.compiler.TldLocationsCache@5bc101d9')
мар 03, 2020 5:43:53 PM org.apache.catalina.core.ApplicationContext log
INFO: SessionListener: contextDestroyed()
мар 03, 2020 5:43:53 PM org.apache.catalina.core.ApplicationContext log
INFO: ContextListener: contextDestroyed()
мар 03, 2020 5:45:16 PM org.apache.catalina.core.ApplicationContext log
INFO: ContextListener: contextInitialized()
мар 03, 2020 5:45:16 PM org.apache.catalina.core.ApplicationContext log
INFO: SessionListener: contextInitialized()
мар 03, 2020 5:45:16 PM org.apache.catalina.core.ApplicationContext log
INFO: ContextListener: attributeAdded('StockTicker', 'async.Stockticker@6986d4e')
мар 03, 2020 5:45:16 PM org.apache.catalina.core.ApplicationContext log
INFO: ContextListener: attributeAdded('org.apache.jasper.compiler.TldLocationsCache', 'org.apache.jasper.compiler.TldLocationsCache@16e39eab')
мар 03, 2020 5:46:23 PM org.apache.catalina.core.ApplicationContext log
INFO: SessionListener: contextDestroyed()
мар 03, 2020 5:46:23 PM org.apache.catalina.core.ApplicationContext log
INFO: ContextListener: contextDestroyed()
мар 03, 2020 5:46:32 PM org.apache.catalina.core.ApplicationContext log
INFO: ContextListener: contextInitialized()
мар 03, 2020 5:46:32 PM org.apache.catalina.core.ApplicationContext log
INFO: SessionListener: contextInitialized()
мар 03, 2020 5:46:32 PM org.apache.catalina.core.ApplicationContext log
INFO: ContextListener: attributeAdded('StockTicker', 'async.Stockticker@6986d4e')
мар 03, 2020 5:46:32 PM org.apache.catalina.core.ApplicationContext log
INFO: ContextListener: attributeAdded('org.apache.jasper.compiler.TldLocationsCache', 'org.apache.jasper.compiler.TldLocationsCache@16e39eab')
мар 03, 2020 5:46:38 PM org.apache.catalina.core.ApplicationContext log
INFO: SessionListener: contextDestroyed()
мар 03, 2020 5:46:38 PM org.apache.catalina.core.ApplicationContext log
INFO: ContextListener: contextDestroyed()
мар 03, 2020 5:46:46 PM org.apache.catalina.core.ApplicationContext log
INFO: ContextListener: contextInitialized()
мар 03, 2020 5:46:46 PM org.apache.catalina.core.ApplicationContext log
INFO: SessionListener: contextInitialized()
мар 03, 2020 5:46:46 PM org.apache.catalina.core.ApplicationContext log
INFO: ContextListener: attributeAdded('StockTicker', 'async.Stockticker@58205991')
мар 03, 2020 5:46:46 PM org.apache.catalina.core.ApplicationContext log
INFO: ContextListener: attributeAdded('org.apache.jasper.compiler.TldLocationsCache', 'org.apache.jasper.compiler.TldLocationsCache@1446e1b')
мар 03, 2020 5:49:06 PM org.apache.catalina.core.ApplicationContext log
INFO: ContextListener: contextInitialized()
мар 03, 2020 5:49:06 PM org.apache.catalina.core.ApplicationContext log
INFO: SessionListener: contextInitialized()
мар 03, 2020 5:49:06 PM org.apache.catalina.core.ApplicationContext log
INFO: ContextListener: attributeAdded('StockTicker', 'async.Stockticker@35c3da67')
мар 03, 2020 5:49:06 PM org.apache.catalina.core.ApplicationContext log
INFO: ContextListener: attributeAdded('org.apache.jasper.compiler.TldLocationsCache', 'org.apache.jasper.compiler.TldLocationsCache@4f48bf6c')
мар 03, 2020 5:50:24 PM org.apache.catalina.core.ApplicationContext log
INFO: SessionListener: contextDestroyed()
мар 03, 2020 5:50:24 PM org.apache.catalina.core.ApplicationContext log
INFO: ContextListener: contextDestroyed()
мар 03, 2020 5:50:40 PM org.apache.catalina.core.ApplicationContext log
INFO: ContextListener: contextInitialized()
мар 03, 2020 5:50:40 PM org.apache.catalina.core.ApplicationContext log
INFO: SessionListener: contextInitialized()
мар 03, 2020 5:50:40 PM org.apache.catalina.core.ApplicationContext log
INFO: ContextListener: attributeAdded('StockTicker', 'async.Stockticker@35c3da67')
мар 03, 2020 5:50:40 PM org.apache.catalina.core.ApplicationContext log
INFO: ContextListener: attributeAdded('org.apache.jasper.compiler.TldLocationsCache', 'org.apache.jasper.compiler.TldLocationsCache@4f48bf6c')
мар 03, 2020 5:53:35 PM org.apache.catalina.core.ApplicationContext log
INFO: SessionListener: contextDestroyed()
мар 03, 2020 5:53:35 PM org.apache.catalina.core.ApplicationContext log
INFO: ContextListener: contextDestroyed()
мар 03, 2020 5:53:44 PM org.apache.catalina.core.ApplicationContext log
INFO: ContextListener: contextInitialized()
мар 03, 2020 5:53:44 PM org.apache.catalina.core.ApplicationContext log
INFO: SessionListener: contextInitialized()
мар 03, 2020 5:53:44 PM org.apache.catalina.core.ApplicationContext log
INFO: ContextListener: attributeAdded('StockTicker', 'async.Stockticker@6986d4e')
мар 03, 2020 5:53:44 PM org.apache.catalina.core.ApplicationContext log
INFO: ContextListener: attributeAdded('org.apache.jasper.compiler.TldLocationsCache', 'org.apache.jasper.compiler.TldLocationsCache@16e39eab')
мар 03, 2020 6:09:01 PM org.apache.catalina.core.ApplicationContext log
INFO: ContextListener: contextInitialized()
мар 03, 2020 6:09:01 PM org.apache.catalina.core.ApplicationContext log
INFO: SessionListener: contextInitialized()
мар 03, 2020 6:09:01 PM org.apache.catalina.core.ApplicationContext log
INFO: ContextListener: attributeAdded('StockTicker', 'async.Stockticker@6986d4e')
мар 03, 2020 6:09:01 PM org.apache.catalina.core.ApplicationContext log
INFO: ContextListener: attributeAdded('org.apache.jasper.compiler.TldLocationsCache', 'org.apache.jasper.compiler.TldLocationsCache@16e39eab')
мар 03, 2020 6:15:01 PM org.apache.catalina.core.ApplicationContext log
INFO: ContextListener: contextInitialized()
мар 03, 2020 6:15:01 PM org.apache.catalina.core.ApplicationContext log
INFO: SessionListener: contextInitialized()
мар 03, 2020 6:15:01 PM org.apache.catalina.core.ApplicationContext log
INFO: ContextListener: attributeAdded('StockTicker', 'async.Stockticker@35c3da67')
мар 03, 2020 6:15:01 PM org.apache.catalina.core.ApplicationContext log
INFO: ContextListener: attributeAdded('org.apache.jasper.compiler.TldLocationsCache', 'org.apache.jasper.compiler.TldLocationsCache@4f48bf6c')
мар 03, 2020 6:17:00 PM org.apache.catalina.core.ApplicationContext log
INFO: ContextListener: contextInitialized()
мар 03, 2020 6:17:00 PM org.apache.catalina.core.ApplicationContext log
INFO: SessionListener: contextInitialized()
мар 03, 2020 6:17:00 PM org.apache.catalina.core.ApplicationContext log
INFO: ContextListener: attributeAdded('StockTicker', 'async.Stockticker@2f68a61e')
мар 03, 2020 6:17:00 PM org.apache.catalina.core.ApplicationContext log
INFO: ContextListener: attributeAdded('org.apache.jasper.compiler.TldLocationsCache', 'org.apache.jasper.compiler.TldLocationsCache@19ca744b')
мар 03, 2020 6:22:55 PM org.apache.catalina.core.ApplicationContext log
INFO: ContextListener: contextInitialized()
мар 03, 2020 6:22:55 PM org.apache.catalina.core.ApplicationContext log
INFO: SessionListener: contextInitialized()
мар 03, 2020 6:22:56 PM org.apache.catalina.core.ApplicationContext log
INFO: ContextListener: attributeAdded('StockTicker', 'async.Stockticker@3c4e1379')
мар 03, 2020 6:22:56 PM org.apache.catalina.core.ApplicationContext log
INFO: ContextListener: attributeAdded('org.apache.jasper.compiler.TldLocationsCache', 'org.apache.jasper.compiler.TldLocationsCache@65845e07')
мар 03, 2020 6:22:58 PM org.apache.catalina.core.ApplicationContext log
INFO: SessionListener: contextDestroyed()
мар 03, 2020 6:22:58 PM org.apache.catalina.core.ApplicationContext log
INFO: ContextListener: contextDestroyed()
мар 03, 2020 6:47:19 PM org.apache.catalina.core.ApplicationContext log
INFO: ContextListener: contextInitialized()
мар 03, 2020 6:47:19 PM org.apache.catalina.core.ApplicationContext log
INFO: SessionListener: contextInitialized()
мар 03, 2020 6:47:19 PM org.apache.catalina.core.ApplicationContext log
INFO: ContextListener: attributeAdded('StockTicker', 'async.Stockticker@7c8ffcfe')
мар 03, 2020 6:47:19 PM org.apache.catalina.core.ApplicationContext log
INFO: ContextListener: attributeAdded('org.apache.jasper.compiler.TldLocationsCache', 'org.apache.jasper.compiler.TldLocationsCache@7a0164ed')
мар 03, 2020 6:47:21 PM org.apache.catalina.core.ApplicationContext log
INFO: SessionListener: contextDestroyed()
мар 03, 2020 6:47:21 PM org.apache.catalina.core.ApplicationContext log
INFO: ContextListener: contextDestroyed()
мар 03, 2020 8:47:57 PM org.apache.catalina.core.ApplicationContext log
INFO: ContextListener: contextInitialized()
мар 03, 2020 8:47:57 PM org.apache.catalina.core.ApplicationContext log
INFO: SessionListener: contextInitialized()
мар 03, 2020 8:47:57 PM org.apache.catalina.core.ApplicationContext log
INFO: ContextListener: attributeAdded('StockTicker', 'async.Stockticker@4486ffff')
мар 03, 2020 8:47:57 PM org.apache.catalina.core.ApplicationContext log
INFO: ContextListener: attributeAdded('org.apache.jasper.compiler.TldLocationsCache', 'org.apache.jasper.compiler.TldLocationsCache@730f60c4')
мар 03, 2020 8:47:59 PM org.apache.catalina.core.ApplicationContext log
INFO: SessionListener: contextDestroyed()
мар 03, 2020 8:47:59 PM org.apache.catalina.core.ApplicationContext log
INFO: ContextListener: contextDestroyed()
