фев 26, 2020 7:33:32 PM org.apache.catalina.core.ApplicationContext log
INFO: ContextListener: contextInitialized()
фев 26, 2020 7:33:32 PM org.apache.catalina.core.ApplicationContext log
INFO: SessionListener: contextInitialized()
фев 26, 2020 7:33:32 PM org.apache.catalina.core.ApplicationContext log
INFO: ContextListener: attributeAdded('StockTicker', 'async.Stockticker@49539e87')
фев 26, 2020 7:33:32 PM org.apache.catalina.core.ApplicationContext log
INFO: ContextListener: attributeAdded('org.apache.jasper.compiler.TldLocationsCache', 'org.apache.jasper.compiler.TldLocationsCache@510d440b')
фев 26, 2020 7:34:27 PM org.apache.catalina.core.ApplicationContext log
INFO: ContextListener: contextInitialized()
фев 26, 2020 7:34:27 PM org.apache.catalina.core.ApplicationContext log
INFO: SessionListener: contextInitialized()
фев 26, 2020 7:34:27 PM org.apache.catalina.core.ApplicationContext log
INFO: ContextListener: attributeAdded('StockTicker', 'async.Stockticker@5040fd3a')
фев 26, 2020 7:34:27 PM org.apache.catalina.core.ApplicationContext log
INFO: ContextListener: attributeAdded('org.apache.jasper.compiler.TldLocationsCache', 'org.apache.jasper.compiler.TldLocationsCache@7f32c68f')
фев 26, 2020 7:57:32 PM org.apache.catalina.core.ApplicationContext log
INFO: SessionListener: contextDestroyed()
фев 26, 2020 7:57:32 PM org.apache.catalina.core.ApplicationContext log
INFO: ContextListener: contextDestroyed()
фев 26, 2020 7:57:38 PM org.apache.catalina.core.ApplicationContext log
INFO: ContextListener: contextInitialized()
фев 26, 2020 7:57:38 PM org.apache.catalina.core.ApplicationContext log
INFO: SessionListener: contextInitialized()
фев 26, 2020 7:57:38 PM org.apache.catalina.core.ApplicationContext log
INFO: ContextListener: attributeAdded('StockTicker', 'async.Stockticker@5829ea5b')
фев 26, 2020 7:57:38 PM org.apache.catalina.core.ApplicationContext log
INFO: ContextListener: attributeAdded('org.apache.jasper.compiler.TldLocationsCache', 'org.apache.jasper.compiler.TldLocationsCache@68eb6d0c')
фев 26, 2020 8:11:46 PM org.apache.catalina.core.ApplicationContext log
INFO: SessionListener: contextDestroyed()
фев 26, 2020 8:11:46 PM org.apache.catalina.core.ApplicationContext log
INFO: ContextListener: contextDestroyed()
фев 26, 2020 8:11:54 PM org.apache.catalina.core.ApplicationContext log
INFO: ContextListener: contextInitialized()
фев 26, 2020 8:11:54 PM org.apache.catalina.core.ApplicationContext log
INFO: SessionListener: contextInitialized()
фев 26, 2020 8:11:54 PM org.apache.catalina.core.ApplicationContext log
INFO: ContextListener: attributeAdded('StockTicker', 'async.Stockticker@744b3a10')
фев 26, 2020 8:11:54 PM org.apache.catalina.core.ApplicationContext log
INFO: ContextListener: attributeAdded('org.apache.jasper.compiler.TldLocationsCache', 'org.apache.jasper.compiler.TldLocationsCache@5ae4b04f')
