мар 04, 2020 1:18:27 AM org.apache.catalina.core.ApplicationContext log
INFO: ContextListener: contextInitialized()
мар 04, 2020 1:18:27 AM org.apache.catalina.core.ApplicationContext log
INFO: SessionListener: contextInitialized()
мар 04, 2020 1:18:27 AM org.apache.catalina.core.ApplicationContext log
INFO: ContextListener: attributeAdded('StockTicker', 'async.Stockticker@4d62c84c')
мар 04, 2020 1:18:27 AM org.apache.catalina.core.ApplicationContext log
INFO: ContextListener: attributeAdded('org.apache.jasper.compiler.TldLocationsCache', 'org.apache.jasper.compiler.TldLocationsCache@31911c44')
мар 04, 2020 1:37:08 AM org.apache.catalina.core.ApplicationContext log
INFO: ContextListener: contextInitialized()
мар 04, 2020 1:37:08 AM org.apache.catalina.core.ApplicationContext log
INFO: SessionListener: contextInitialized()
мар 04, 2020 1:37:08 AM org.apache.catalina.core.ApplicationContext log
INFO: ContextListener: attributeAdded('StockTicker', 'async.Stockticker@1431d316')
мар 04, 2020 1:37:08 AM org.apache.catalina.core.ApplicationContext log
INFO: ContextListener: attributeAdded('org.apache.jasper.compiler.TldLocationsCache', 'org.apache.jasper.compiler.TldLocationsCache@4391048b')
мар 04, 2020 1:43:04 AM org.apache.catalina.core.ApplicationContext log
INFO: ContextListener: contextInitialized()
мар 04, 2020 1:43:04 AM org.apache.catalina.core.ApplicationContext log
INFO: SessionListener: contextInitialized()
мар 04, 2020 1:43:04 AM org.apache.catalina.core.ApplicationContext log
INFO: ContextListener: attributeAdded('StockTicker', 'async.Stockticker@aa137ff')
мар 04, 2020 1:43:04 AM org.apache.catalina.core.ApplicationContext log
INFO: ContextListener: attributeAdded('org.apache.jasper.compiler.TldLocationsCache', 'org.apache.jasper.compiler.TldLocationsCache@106146de')
мар 04, 2020 1:55:29 AM org.apache.catalina.core.ApplicationContext log
INFO: ContextListener: contextInitialized()
мар 04, 2020 1:55:29 AM org.apache.catalina.core.ApplicationContext log
INFO: SessionListener: contextInitialized()
мар 04, 2020 1:55:29 AM org.apache.catalina.core.ApplicationContext log
INFO: ContextListener: attributeAdded('StockTicker', 'async.Stockticker@f4a267a')
мар 04, 2020 1:55:29 AM org.apache.catalina.core.ApplicationContext log
INFO: ContextListener: attributeAdded('org.apache.jasper.compiler.TldLocationsCache', 'org.apache.jasper.compiler.TldLocationsCache@138b6a1a')
мар 04, 2020 2:30:00 AM org.apache.catalina.core.ApplicationContext log
INFO: ContextListener: contextInitialized()
мар 04, 2020 2:30:00 AM org.apache.catalina.core.ApplicationContext log
INFO: SessionListener: contextInitialized()
мар 04, 2020 2:30:00 AM org.apache.catalina.core.ApplicationContext log
INFO: ContextListener: attributeAdded('StockTicker', 'async.Stockticker@3be1bb89')
мар 04, 2020 2:30:00 AM org.apache.catalina.core.ApplicationContext log
INFO: ContextListener: attributeAdded('org.apache.jasper.compiler.TldLocationsCache', 'org.apache.jasper.compiler.TldLocationsCache@7b432520')
мар 04, 2020 2:41:22 AM org.apache.catalina.core.ApplicationContext log
INFO: SessionListener: contextDestroyed()
мар 04, 2020 2:41:22 AM org.apache.catalina.core.ApplicationContext log
INFO: ContextListener: contextDestroyed()
мар 04, 2020 2:41:30 AM org.apache.catalina.core.ApplicationContext log
INFO: ContextListener: contextInitialized()
мар 04, 2020 2:41:30 AM org.apache.catalina.core.ApplicationContext log
INFO: SessionListener: contextInitialized()
мар 04, 2020 2:41:30 AM org.apache.catalina.core.ApplicationContext log
INFO: ContextListener: attributeAdded('StockTicker', 'async.Stockticker@4f5cde58')
мар 04, 2020 2:41:30 AM org.apache.catalina.core.ApplicationContext log
INFO: ContextListener: attributeAdded('org.apache.jasper.compiler.TldLocationsCache', 'org.apache.jasper.compiler.TldLocationsCache@1124362b')
мар 04, 2020 2:41:47 AM org.apache.catalina.core.StandardWrapperValve invoke
SEVERE: Servlet.service() for servlet [jsp] in context with path [/axis] threw exception [javax.servlet.ServletException: java.lang.ExceptionInInitializerError] with root cause
org.apache.commons.logging.LogConfigurationException: Invalid class loader hierarchy.  You have more than one version of 'org.apache.commons.logging.Log' visible, which is not allowed.
	at org.apache.commons.logging.impl.LogFactoryImpl.getLogConstructor(LogFactoryImpl.java:385)
	at org.apache.commons.logging.impl.LogFactoryImpl.newInstance(LogFactoryImpl.java:529)
	at org.apache.commons.logging.impl.LogFactoryImpl.getInstance(LogFactoryImpl.java:235)
	at org.apache.commons.logging.LogFactory.getLog(LogFactory.java:370)
	at org.apache.xml.security.Init.<clinit>(Unknown Source)
	at java.lang.Class.forName0(Native Method)
	at java.lang.Class.forName(Unknown Source)
	at org.apache.jsp.happyaxis_jsp.classExists(happyaxis_jsp.java:42)
	at org.apache.jsp.happyaxis_jsp.probeClass(happyaxis_jsp.java:85)
	at org.apache.jsp.happyaxis_jsp.wantClass(happyaxis_jsp.java:184)
	at org.apache.jsp.happyaxis_jsp._jspService(happyaxis_jsp.java:714)
	at org.apache.jasper.runtime.HttpJspBase.service(HttpJspBase.java:71)
	at javax.servlet.http.HttpServlet.service(HttpServlet.java:728)
	at org.apache.jasper.servlet.JspServletWrapper.service(JspServletWrapper.java:477)
	at org.apache.jasper.servlet.JspServlet.serviceJspFile(JspServlet.java:395)
	at org.apache.jasper.servlet.JspServlet.service(JspServlet.java:339)
	at javax.servlet.http.HttpServlet.service(HttpServlet.java:728)
	at org.apache.catalina.core.ApplicationFilterChain.internalDoFilter(ApplicationFilterChain.java:303)
	at org.apache.catalina.core.ApplicationFilterChain.doFilter(ApplicationFilterChain.java:208)
	at org.apache.tomcat.websocket.server.WsFilter.doFilter(WsFilter.java:52)
	at org.apache.catalina.core.ApplicationFilterChain.internalDoFilter(ApplicationFilterChain.java:241)
	at org.apache.catalina.core.ApplicationFilterChain.doFilter(ApplicationFilterChain.java:208)
	at org.apache.catalina.core.StandardWrapperValve.invoke(StandardWrapperValve.java:219)
	at org.apache.catalina.core.StandardContextValve.invoke(StandardContextValve.java:110)
	at org.apache.catalina.authenticator.AuthenticatorBase.invoke(AuthenticatorBase.java:492)
	at org.apache.catalina.core.StandardHostValve.invoke(StandardHostValve.java:165)
	at org.apache.catalina.valves.ErrorReportValve.invoke(ErrorReportValve.java:104)
	at org.apache.catalina.valves.AccessLogValve.invoke(AccessLogValve.java:1025)
	at org.apache.catalina.core.StandardEngineValve.invoke(StandardEngineValve.java:116)
	at org.apache.catalina.connector.CoyoteAdapter.service(CoyoteAdapter.java:452)
	at org.apache.coyote.http11.AbstractHttp11Processor.process(AbstractHttp11Processor.java:1195)
	at org.apache.coyote.AbstractProtocol$AbstractConnectionHandler.process(AbstractProtocol.java:654)
	at org.apache.tomcat.util.net.AprEndpoint$SocketProcessor.doRun(AprEndpoint.java:2532)
	at org.apache.tomcat.util.net.AprEndpoint$SocketProcessor.run(AprEndpoint.java:2521)
	at java.util.concurrent.ThreadPoolExecutor.runWorker(Unknown Source)
	at java.util.concurrent.ThreadPoolExecutor$Worker.run(Unknown Source)
	at org.apache.tomcat.util.threads.TaskThread$WrappingRunnable.run(TaskThread.java:61)
	at java.lang.Thread.run(Unknown Source)

мар 04, 2020 3:07:23 AM org.apache.catalina.core.ApplicationContext log
INFO: SessionListener: contextDestroyed()
мар 04, 2020 3:07:23 AM org.apache.catalina.core.ApplicationContext log
INFO: ContextListener: contextDestroyed()
мар 04, 2020 3:07:34 AM org.apache.catalina.core.ApplicationContext log
INFO: ContextListener: contextInitialized()
мар 04, 2020 3:07:34 AM org.apache.catalina.core.ApplicationContext log
INFO: SessionListener: contextInitialized()
мар 04, 2020 3:07:34 AM org.apache.catalina.core.ApplicationContext log
INFO: ContextListener: attributeAdded('StockTicker', 'async.Stockticker@2f54966a')
мар 04, 2020 3:07:35 AM org.apache.catalina.core.ApplicationContext log
INFO: ContextListener: attributeAdded('org.apache.jasper.compiler.TldLocationsCache', 'org.apache.jasper.compiler.TldLocationsCache@5eb601b5')
мар 04, 2020 3:07:58 AM org.apache.catalina.core.StandardWrapperValve invoke
SEVERE: Servlet.service() for servlet [jsp] in context with path [/axis] threw exception [javax.servlet.ServletException: java.lang.ExceptionInInitializerError] with root cause
org.apache.commons.logging.LogConfigurationException: Invalid class loader hierarchy.  You have more than one version of 'org.apache.commons.logging.Log' visible, which is not allowed.
	at org.apache.commons.logging.impl.LogFactoryImpl.getLogConstructor(LogFactoryImpl.java:385)
	at org.apache.commons.logging.impl.LogFactoryImpl.newInstance(LogFactoryImpl.java:529)
	at org.apache.commons.logging.impl.LogFactoryImpl.getInstance(LogFactoryImpl.java:235)
	at org.apache.commons.logging.LogFactory.getLog(LogFactory.java:370)
	at org.apache.xml.security.Init.<clinit>(Unknown Source)
	at java.lang.Class.forName0(Native Method)
	at java.lang.Class.forName(Unknown Source)
	at org.apache.jsp.happyaxis_jsp.classExists(happyaxis_jsp.java:42)
	at org.apache.jsp.happyaxis_jsp.probeClass(happyaxis_jsp.java:85)
	at org.apache.jsp.happyaxis_jsp.wantClass(happyaxis_jsp.java:184)
	at org.apache.jsp.happyaxis_jsp._jspService(happyaxis_jsp.java:714)
	at org.apache.jasper.runtime.HttpJspBase.service(HttpJspBase.java:71)
	at javax.servlet.http.HttpServlet.service(HttpServlet.java:728)
	at org.apache.jasper.servlet.JspServletWrapper.service(JspServletWrapper.java:477)
	at org.apache.jasper.servlet.JspServlet.serviceJspFile(JspServlet.java:395)
	at org.apache.jasper.servlet.JspServlet.service(JspServlet.java:339)
	at javax.servlet.http.HttpServlet.service(HttpServlet.java:728)
	at org.apache.catalina.core.ApplicationFilterChain.internalDoFilter(ApplicationFilterChain.java:303)
	at org.apache.catalina.core.ApplicationFilterChain.doFilter(ApplicationFilterChain.java:208)
	at org.apache.tomcat.websocket.server.WsFilter.doFilter(WsFilter.java:52)
	at org.apache.catalina.core.ApplicationFilterChain.internalDoFilter(ApplicationFilterChain.java:241)
	at org.apache.catalina.core.ApplicationFilterChain.doFilter(ApplicationFilterChain.java:208)
	at org.apache.catalina.core.StandardWrapperValve.invoke(StandardWrapperValve.java:219)
	at org.apache.catalina.core.StandardContextValve.invoke(StandardContextValve.java:110)
	at org.apache.catalina.authenticator.AuthenticatorBase.invoke(AuthenticatorBase.java:492)
	at org.apache.catalina.core.StandardHostValve.invoke(StandardHostValve.java:165)
	at org.apache.catalina.valves.ErrorReportValve.invoke(ErrorReportValve.java:104)
	at org.apache.catalina.valves.AccessLogValve.invoke(AccessLogValve.java:1025)
	at org.apache.catalina.core.StandardEngineValve.invoke(StandardEngineValve.java:116)
	at org.apache.catalina.connector.CoyoteAdapter.service(CoyoteAdapter.java:452)
	at org.apache.coyote.http11.AbstractHttp11Processor.process(AbstractHttp11Processor.java:1195)
	at org.apache.coyote.AbstractProtocol$AbstractConnectionHandler.process(AbstractProtocol.java:654)
	at org.apache.tomcat.util.net.AprEndpoint$SocketProcessor.doRun(AprEndpoint.java:2532)
	at org.apache.tomcat.util.net.AprEndpoint$SocketProcessor.run(AprEndpoint.java:2521)
	at java.util.concurrent.ThreadPoolExecutor.runWorker(Unknown Source)
	at java.util.concurrent.ThreadPoolExecutor$Worker.run(Unknown Source)
	at org.apache.tomcat.util.threads.TaskThread$WrappingRunnable.run(TaskThread.java:61)
	at java.lang.Thread.run(Unknown Source)

мар 04, 2020 3:11:37 AM org.apache.catalina.core.ApplicationContext log
INFO: ContextListener: contextInitialized()
мар 04, 2020 3:11:37 AM org.apache.catalina.core.ApplicationContext log
INFO: SessionListener: contextInitialized()
мар 04, 2020 3:11:37 AM org.apache.catalina.core.ApplicationContext log
INFO: ContextListener: attributeAdded('StockTicker', 'async.Stockticker@21ce731')
мар 04, 2020 3:11:37 AM org.apache.catalina.core.ApplicationContext log
INFO: ContextListener: attributeAdded('org.apache.jasper.compiler.TldLocationsCache', 'org.apache.jasper.compiler.TldLocationsCache@47fcbd22')
мар 04, 2020 3:12:01 AM org.apache.catalina.core.StandardWrapperValve invoke
SEVERE: Servlet.service() for servlet [jsp] in context with path [/axis] threw exception [javax.servlet.ServletException: java.lang.ExceptionInInitializerError] with root cause
org.apache.commons.logging.LogConfigurationException: Invalid class loader hierarchy.  You have more than one version of 'org.apache.commons.logging.Log' visible, which is not allowed.
	at org.apache.commons.logging.impl.LogFactoryImpl.getLogConstructor(LogFactoryImpl.java:385)
	at org.apache.commons.logging.impl.LogFactoryImpl.newInstance(LogFactoryImpl.java:529)
	at org.apache.commons.logging.impl.LogFactoryImpl.getInstance(LogFactoryImpl.java:235)
	at org.apache.commons.logging.LogFactory.getLog(LogFactory.java:370)
	at org.apache.xml.security.Init.<clinit>(Unknown Source)
	at java.lang.Class.forName0(Native Method)
	at java.lang.Class.forName(Unknown Source)
	at org.apache.jsp.happyaxis_jsp.classExists(happyaxis_jsp.java:42)
	at org.apache.jsp.happyaxis_jsp.probeClass(happyaxis_jsp.java:85)
	at org.apache.jsp.happyaxis_jsp.wantClass(happyaxis_jsp.java:184)
	at org.apache.jsp.happyaxis_jsp._jspService(happyaxis_jsp.java:714)
	at org.apache.jasper.runtime.HttpJspBase.service(HttpJspBase.java:71)
	at javax.servlet.http.HttpServlet.service(HttpServlet.java:728)
	at org.apache.jasper.servlet.JspServletWrapper.service(JspServletWrapper.java:477)
	at org.apache.jasper.servlet.JspServlet.serviceJspFile(JspServlet.java:395)
	at org.apache.jasper.servlet.JspServlet.service(JspServlet.java:339)
	at javax.servlet.http.HttpServlet.service(HttpServlet.java:728)
	at org.apache.catalina.core.ApplicationFilterChain.internalDoFilter(ApplicationFilterChain.java:303)
	at org.apache.catalina.core.ApplicationFilterChain.doFilter(ApplicationFilterChain.java:208)
	at org.apache.tomcat.websocket.server.WsFilter.doFilter(WsFilter.java:52)
	at org.apache.catalina.core.ApplicationFilterChain.internalDoFilter(ApplicationFilterChain.java:241)
	at org.apache.catalina.core.ApplicationFilterChain.doFilter(ApplicationFilterChain.java:208)
	at org.apache.catalina.core.StandardWrapperValve.invoke(StandardWrapperValve.java:219)
	at org.apache.catalina.core.StandardContextValve.invoke(StandardContextValve.java:110)
	at org.apache.catalina.authenticator.AuthenticatorBase.invoke(AuthenticatorBase.java:492)
	at org.apache.catalina.core.StandardHostValve.invoke(StandardHostValve.java:165)
	at org.apache.catalina.valves.ErrorReportValve.invoke(ErrorReportValve.java:104)
	at org.apache.catalina.valves.AccessLogValve.invoke(AccessLogValve.java:1025)
	at org.apache.catalina.core.StandardEngineValve.invoke(StandardEngineValve.java:116)
	at org.apache.catalina.connector.CoyoteAdapter.service(CoyoteAdapter.java:452)
	at org.apache.coyote.http11.AbstractHttp11Processor.process(AbstractHttp11Processor.java:1195)
	at org.apache.coyote.AbstractProtocol$AbstractConnectionHandler.process(AbstractProtocol.java:654)
	at org.apache.tomcat.util.net.AprEndpoint$SocketProcessor.doRun(AprEndpoint.java:2532)
	at org.apache.tomcat.util.net.AprEndpoint$SocketProcessor.run(AprEndpoint.java:2521)
	at java.util.concurrent.ThreadPoolExecutor.runWorker(Unknown Source)
	at java.util.concurrent.ThreadPoolExecutor$Worker.run(Unknown Source)
	at org.apache.tomcat.util.threads.TaskThread$WrappingRunnable.run(TaskThread.java:61)
	at java.lang.Thread.run(Unknown Source)

мар 04, 2020 3:44:29 PM org.apache.catalina.core.ApplicationContext log
INFO: ContextListener: contextInitialized()
мар 04, 2020 3:44:29 PM org.apache.catalina.core.ApplicationContext log
INFO: SessionListener: contextInitialized()
мар 04, 2020 3:44:29 PM org.apache.catalina.core.ApplicationContext log
INFO: ContextListener: contextInitialized()
мар 04, 2020 3:44:29 PM org.apache.catalina.core.ApplicationContext log
INFO: SessionListener: contextInitialized()
мар 04, 2020 3:44:29 PM org.apache.catalina.core.ApplicationContext log
INFO: ContextListener: attributeAdded('StockTicker', 'async.Stockticker@6f7cec34')
мар 04, 2020 3:44:29 PM org.apache.catalina.core.ApplicationContext log
INFO: ContextListener: attributeAdded('org.apache.jasper.compiler.TldLocationsCache', 'org.apache.jasper.compiler.TldLocationsCache@5be8370b')
мар 04, 2020 3:44:29 PM org.apache.catalina.core.ApplicationContext log
INFO: ContextListener: attributeAdded('StockTicker', 'async.Stockticker@3acc9a83')
мар 04, 2020 3:44:29 PM org.apache.catalina.core.ApplicationContext log
INFO: ContextListener: attributeAdded('org.apache.jasper.compiler.TldLocationsCache', 'org.apache.jasper.compiler.TldLocationsCache@d33b3ef')
мар 04, 2020 3:44:31 PM org.apache.catalina.core.ApplicationContext log
INFO: SessionListener: contextDestroyed()
мар 04, 2020 3:44:31 PM org.apache.catalina.core.ApplicationContext log
INFO: ContextListener: contextDestroyed()
мар 04, 2020 3:53:26 PM org.apache.catalina.core.ApplicationContext log
INFO: ContextListener: contextInitialized()
мар 04, 2020 3:53:26 PM org.apache.catalina.core.ApplicationContext log
INFO: SessionListener: contextInitialized()
мар 04, 2020 3:53:26 PM org.apache.catalina.core.ApplicationContext log
INFO: ContextListener: attributeAdded('StockTicker', 'async.Stockticker@7de20467')
мар 04, 2020 3:53:26 PM org.apache.catalina.core.ApplicationContext log
INFO: ContextListener: attributeAdded('org.apache.jasper.compiler.TldLocationsCache', 'org.apache.jasper.compiler.TldLocationsCache@6d08f3b0')
мар 04, 2020 4:38:54 PM org.apache.catalina.core.ApplicationContext log
INFO: SessionListener: contextDestroyed()
мар 04, 2020 4:38:54 PM org.apache.catalina.core.ApplicationContext log
INFO: ContextListener: contextDestroyed()
мар 04, 2020 4:39:10 PM org.apache.catalina.core.ApplicationContext log
INFO: ContextListener: contextInitialized()
мар 04, 2020 4:39:10 PM org.apache.catalina.core.ApplicationContext log
INFO: SessionListener: contextInitialized()
мар 04, 2020 4:39:10 PM org.apache.catalina.core.ApplicationContext log
INFO: ContextListener: attributeAdded('StockTicker', 'async.Stockticker@2f321a72')
мар 04, 2020 4:39:10 PM org.apache.catalina.core.ApplicationContext log
INFO: ContextListener: attributeAdded('org.apache.jasper.compiler.TldLocationsCache', 'org.apache.jasper.compiler.TldLocationsCache@575f4148')
мар 04, 2020 5:22:44 PM org.apache.catalina.core.ApplicationContext log
INFO: ContextListener: contextInitialized()
мар 04, 2020 5:22:44 PM org.apache.catalina.core.ApplicationContext log
INFO: SessionListener: contextInitialized()
мар 04, 2020 5:22:44 PM org.apache.catalina.core.ApplicationContext log
INFO: ContextListener: attributeAdded('StockTicker', 'async.Stockticker@7c2b799')
мар 04, 2020 5:22:44 PM org.apache.catalina.core.ApplicationContext log
INFO: ContextListener: attributeAdded('org.apache.jasper.compiler.TldLocationsCache', 'org.apache.jasper.compiler.TldLocationsCache@2b0c4a9c')
мар 04, 2020 5:24:07 PM org.apache.catalina.core.ApplicationContext log
INFO: ContextListener: contextInitialized()
мар 04, 2020 5:24:07 PM org.apache.catalina.core.ApplicationContext log
INFO: SessionListener: contextInitialized()
мар 04, 2020 5:24:07 PM org.apache.catalina.core.ApplicationContext log
INFO: ContextListener: attributeAdded('StockTicker', 'async.Stockticker@21ce731')
мар 04, 2020 5:24:07 PM org.apache.catalina.core.ApplicationContext log
INFO: ContextListener: attributeAdded('org.apache.jasper.compiler.TldLocationsCache', 'org.apache.jasper.compiler.TldLocationsCache@47fcbd22')
мар 04, 2020 5:32:32 PM org.apache.catalina.core.ApplicationContext log
INFO: ContextListener: contextInitialized()
мар 04, 2020 5:32:32 PM org.apache.catalina.core.ApplicationContext log
INFO: SessionListener: contextInitialized()
мар 04, 2020 5:32:32 PM org.apache.catalina.core.ApplicationContext log
INFO: ContextListener: attributeAdded('StockTicker', 'async.Stockticker@d5bcc9f')
мар 04, 2020 5:32:32 PM org.apache.catalina.core.ApplicationContext log
INFO: ContextListener: attributeAdded('org.apache.jasper.compiler.TldLocationsCache', 'org.apache.jasper.compiler.TldLocationsCache@66a62a8c')
мар 04, 2020 5:46:11 PM org.apache.catalina.core.ApplicationContext log
INFO: ContextListener: contextInitialized()
мар 04, 2020 5:46:11 PM org.apache.catalina.core.ApplicationContext log
INFO: SessionListener: contextInitialized()
мар 04, 2020 5:46:11 PM org.apache.catalina.core.ApplicationContext log
INFO: ContextListener: attributeAdded('StockTicker', 'async.Stockticker@71a16aa9')
мар 04, 2020 5:46:11 PM org.apache.catalina.core.ApplicationContext log
INFO: ContextListener: attributeAdded('org.apache.jasper.compiler.TldLocationsCache', 'org.apache.jasper.compiler.TldLocationsCache@51bd1cc1')
мар 04, 2020 5:48:27 PM org.apache.catalina.core.ApplicationContext log
INFO: ContextListener: contextInitialized()
мар 04, 2020 5:48:27 PM org.apache.catalina.core.ApplicationContext log
INFO: SessionListener: contextInitialized()
мар 04, 2020 5:48:27 PM org.apache.catalina.core.ApplicationContext log
INFO: ContextListener: attributeAdded('StockTicker', 'async.Stockticker@7dd585d1')
мар 04, 2020 5:48:27 PM org.apache.catalina.core.ApplicationContext log
INFO: ContextListener: attributeAdded('org.apache.jasper.compiler.TldLocationsCache', 'org.apache.jasper.compiler.TldLocationsCache@1a86cb16')
мар 04, 2020 5:50:27 PM org.apache.catalina.core.StandardWrapperValve invoke
SEVERE: Servlet.service() for servlet [jsp] in context with path [/axis] threw exception [javax.servlet.ServletException: java.lang.ExceptionInInitializerError] with root cause
org.apache.commons.logging.LogConfigurationException: Invalid class loader hierarchy.  You have more than one version of 'org.apache.commons.logging.Log' visible, which is not allowed.
	at org.apache.commons.logging.impl.LogFactoryImpl.getLogConstructor(LogFactoryImpl.java:385)
	at org.apache.commons.logging.impl.LogFactoryImpl.newInstance(LogFactoryImpl.java:529)
	at org.apache.commons.logging.impl.LogFactoryImpl.getInstance(LogFactoryImpl.java:235)
	at org.apache.commons.logging.LogFactory.getLog(LogFactory.java:370)
	at org.apache.xml.security.Init.<clinit>(Unknown Source)
	at java.lang.Class.forName0(Native Method)
	at java.lang.Class.forName(Unknown Source)
	at org.apache.jsp.happyaxis_jsp.classExists(happyaxis_jsp.java:42)
	at org.apache.jsp.happyaxis_jsp.probeClass(happyaxis_jsp.java:85)
	at org.apache.jsp.happyaxis_jsp.wantClass(happyaxis_jsp.java:184)
	at org.apache.jsp.happyaxis_jsp._jspService(happyaxis_jsp.java:714)
	at org.apache.jasper.runtime.HttpJspBase.service(HttpJspBase.java:71)
	at javax.servlet.http.HttpServlet.service(HttpServlet.java:728)
	at org.apache.jasper.servlet.JspServletWrapper.service(JspServletWrapper.java:477)
	at org.apache.jasper.servlet.JspServlet.serviceJspFile(JspServlet.java:395)
	at org.apache.jasper.servlet.JspServlet.service(JspServlet.java:339)
	at javax.servlet.http.HttpServlet.service(HttpServlet.java:728)
	at org.apache.catalina.core.ApplicationFilterChain.internalDoFilter(ApplicationFilterChain.java:303)
	at org.apache.catalina.core.ApplicationFilterChain.doFilter(ApplicationFilterChain.java:208)
	at org.apache.tomcat.websocket.server.WsFilter.doFilter(WsFilter.java:52)
	at org.apache.catalina.core.ApplicationFilterChain.internalDoFilter(ApplicationFilterChain.java:241)
	at org.apache.catalina.core.ApplicationFilterChain.doFilter(ApplicationFilterChain.java:208)
	at org.apache.catalina.core.StandardWrapperValve.invoke(StandardWrapperValve.java:219)
	at org.apache.catalina.core.StandardContextValve.invoke(StandardContextValve.java:110)
	at org.apache.catalina.authenticator.AuthenticatorBase.invoke(AuthenticatorBase.java:492)
	at org.apache.catalina.core.StandardHostValve.invoke(StandardHostValve.java:165)
	at org.apache.catalina.valves.ErrorReportValve.invoke(ErrorReportValve.java:104)
	at org.apache.catalina.valves.AccessLogValve.invoke(AccessLogValve.java:1025)
	at org.apache.catalina.core.StandardEngineValve.invoke(StandardEngineValve.java:116)
	at org.apache.catalina.connector.CoyoteAdapter.service(CoyoteAdapter.java:452)
	at org.apache.coyote.http11.AbstractHttp11Processor.process(AbstractHttp11Processor.java:1195)
	at org.apache.coyote.AbstractProtocol$AbstractConnectionHandler.process(AbstractProtocol.java:654)
	at org.apache.tomcat.util.net.AprEndpoint$SocketProcessor.doRun(AprEndpoint.java:2532)
	at org.apache.tomcat.util.net.AprEndpoint$SocketProcessor.run(AprEndpoint.java:2521)
	at java.util.concurrent.ThreadPoolExecutor.runWorker(Unknown Source)
	at java.util.concurrent.ThreadPoolExecutor$Worker.run(Unknown Source)
	at org.apache.tomcat.util.threads.TaskThread$WrappingRunnable.run(TaskThread.java:61)
	at java.lang.Thread.run(Unknown Source)

