мар 11, 2020 12:04:46 AM org.apache.catalina.core.ApplicationContext log
INFO: ContextListener: contextInitialized()
мар 11, 2020 12:04:46 AM org.apache.catalina.core.ApplicationContext log
INFO: SessionListener: contextInitialized()
мар 11, 2020 12:04:46 AM org.apache.catalina.core.ApplicationContext log
INFO: ContextListener: attributeAdded('StockTicker', 'async.Stockticker@75818187')
мар 11, 2020 12:04:46 AM org.apache.catalina.core.ApplicationContext log
INFO: ContextListener: attributeAdded('org.apache.jasper.compiler.TldLocationsCache', 'org.apache.jasper.compiler.TldLocationsCache@279ccc1d')
мар 11, 2020 12:10:46 AM org.apache.catalina.core.ApplicationContext log
INFO: ContextListener: contextInitialized()
мар 11, 2020 12:10:46 AM org.apache.catalina.core.ApplicationContext log
INFO: SessionListener: contextInitialized()
мар 11, 2020 12:10:46 AM org.apache.catalina.core.ApplicationContext log
INFO: ContextListener: attributeAdded('StockTicker', 'async.Stockticker@68c67828')
мар 11, 2020 12:10:46 AM org.apache.catalina.core.ApplicationContext log
INFO: ContextListener: attributeAdded('org.apache.jasper.compiler.TldLocationsCache', 'org.apache.jasper.compiler.TldLocationsCache@63769e7a')
мар 11, 2020 12:10:51 AM org.apache.catalina.core.ApplicationContext log
INFO: SessionListener: contextDestroyed()
мар 11, 2020 12:10:51 AM org.apache.catalina.core.ApplicationContext log
INFO: ContextListener: contextDestroyed()
мар 11, 2020 12:11:12 AM org.apache.catalina.core.ApplicationContext log
INFO: ContextListener: contextInitialized()
мар 11, 2020 12:11:12 AM org.apache.catalina.core.ApplicationContext log
INFO: SessionListener: contextInitialized()
мар 11, 2020 12:11:12 AM org.apache.catalina.core.ApplicationContext log
INFO: ContextListener: attributeAdded('StockTicker', 'async.Stockticker@3c09569f')
мар 11, 2020 12:11:12 AM org.apache.catalina.core.ApplicationContext log
INFO: ContextListener: attributeAdded('org.apache.jasper.compiler.TldLocationsCache', 'org.apache.jasper.compiler.TldLocationsCache@67112750')
мар 11, 2020 12:11:14 AM org.apache.catalina.core.ApplicationContext log
INFO: SessionListener: contextDestroyed()
мар 11, 2020 12:11:14 AM org.apache.catalina.core.ApplicationContext log
INFO: ContextListener: contextDestroyed()
мар 11, 2020 12:12:09 AM org.apache.catalina.core.ApplicationContext log
INFO: ContextListener: contextInitialized()
мар 11, 2020 12:12:09 AM org.apache.catalina.core.ApplicationContext log
INFO: SessionListener: contextInitialized()
мар 11, 2020 12:12:09 AM org.apache.catalina.core.ApplicationContext log
INFO: ContextListener: attributeAdded('StockTicker', 'async.Stockticker@1d7af86e')
мар 11, 2020 12:12:09 AM org.apache.catalina.core.ApplicationContext log
INFO: ContextListener: attributeAdded('org.apache.jasper.compiler.TldLocationsCache', 'org.apache.jasper.compiler.TldLocationsCache@78f9e000')
мар 11, 2020 12:12:11 AM org.apache.catalina.core.ApplicationContext log
INFO: SessionListener: contextDestroyed()
мар 11, 2020 12:12:11 AM org.apache.catalina.core.ApplicationContext log
INFO: ContextListener: contextDestroyed()
мар 11, 2020 12:12:19 AM org.apache.catalina.core.ApplicationContext log
INFO: ContextListener: contextInitialized()
мар 11, 2020 12:12:19 AM org.apache.catalina.core.ApplicationContext log
INFO: SessionListener: contextInitialized()
мар 11, 2020 12:12:19 AM org.apache.catalina.core.ApplicationContext log
INFO: ContextListener: attributeAdded('StockTicker', 'async.Stockticker@53d62282')
мар 11, 2020 12:12:19 AM org.apache.catalina.core.ApplicationContext log
INFO: ContextListener: attributeAdded('org.apache.jasper.compiler.TldLocationsCache', 'org.apache.jasper.compiler.TldLocationsCache@22059003')
мар 11, 2020 12:12:20 AM org.apache.catalina.core.ApplicationContext log
INFO: SessionListener: contextDestroyed()
мар 11, 2020 12:12:20 AM org.apache.catalina.core.ApplicationContext log
INFO: ContextListener: contextDestroyed()
мар 11, 2020 12:20:59 AM org.apache.catalina.core.ApplicationContext log
INFO: ContextListener: contextInitialized()
мар 11, 2020 12:20:59 AM org.apache.catalina.core.ApplicationContext log
INFO: SessionListener: contextInitialized()
мар 11, 2020 12:20:59 AM org.apache.catalina.core.ApplicationContext log
INFO: ContextListener: attributeAdded('StockTicker', 'async.Stockticker@488586a4')
мар 11, 2020 12:21:00 AM org.apache.catalina.core.ApplicationContext log
INFO: ContextListener: attributeAdded('org.apache.jasper.compiler.TldLocationsCache', 'org.apache.jasper.compiler.TldLocationsCache@37d4e966')
мар 11, 2020 12:23:42 AM org.apache.catalina.core.ApplicationContext log
INFO: ContextListener: contextInitialized()
мар 11, 2020 12:23:42 AM org.apache.catalina.core.ApplicationContext log
INFO: SessionListener: contextInitialized()
мар 11, 2020 12:23:42 AM org.apache.catalina.core.ApplicationContext log
INFO: ContextListener: attributeAdded('StockTicker', 'async.Stockticker@2ddd7492')
мар 11, 2020 12:23:42 AM org.apache.catalina.core.ApplicationContext log
INFO: ContextListener: attributeAdded('org.apache.jasper.compiler.TldLocationsCache', 'org.apache.jasper.compiler.TldLocationsCache@2e5e2697')
мар 11, 2020 12:23:44 AM org.apache.catalina.core.ApplicationContext log
INFO: SessionListener: contextDestroyed()
мар 11, 2020 12:23:44 AM org.apache.catalina.core.ApplicationContext log
INFO: ContextListener: contextDestroyed()
мар 11, 2020 12:24:30 AM org.apache.catalina.core.ApplicationContext log
INFO: ContextListener: contextInitialized()
мар 11, 2020 12:24:30 AM org.apache.catalina.core.ApplicationContext log
INFO: SessionListener: contextInitialized()
мар 11, 2020 12:24:30 AM org.apache.catalina.core.ApplicationContext log
INFO: ContextListener: attributeAdded('StockTicker', 'async.Stockticker@168e3b90')
мар 11, 2020 12:24:30 AM org.apache.catalina.core.ApplicationContext log
INFO: ContextListener: attributeAdded('org.apache.jasper.compiler.TldLocationsCache', 'org.apache.jasper.compiler.TldLocationsCache@70b4bf4')
мар 11, 2020 12:24:32 AM org.apache.catalina.core.ApplicationContext log
INFO: SessionListener: contextDestroyed()
мар 11, 2020 12:24:32 AM org.apache.catalina.core.ApplicationContext log
INFO: ContextListener: contextDestroyed()
мар 11, 2020 12:34:31 AM org.apache.catalina.core.ApplicationContext log
INFO: ContextListener: contextInitialized()
мар 11, 2020 12:34:31 AM org.apache.catalina.core.ApplicationContext log
INFO: SessionListener: contextInitialized()
мар 11, 2020 12:34:31 AM org.apache.catalina.core.ApplicationContext log
INFO: ContextListener: attributeAdded('StockTicker', 'async.Stockticker@672247e9')
мар 11, 2020 12:34:31 AM org.apache.catalina.core.ApplicationContext log
INFO: ContextListener: attributeAdded('org.apache.jasper.compiler.TldLocationsCache', 'org.apache.jasper.compiler.TldLocationsCache@72677f08')
мар 11, 2020 12:34:32 AM org.apache.catalina.core.ApplicationContext log
INFO: SessionListener: contextDestroyed()
мар 11, 2020 12:34:32 AM org.apache.catalina.core.ApplicationContext log
INFO: ContextListener: contextDestroyed()
мар 11, 2020 12:35:53 AM org.apache.catalina.core.ApplicationContext log
INFO: SessionListener: contextDestroyed()
мар 11, 2020 12:35:53 AM org.apache.catalina.core.ApplicationContext log
INFO: ContextListener: contextDestroyed()
мар 11, 2020 12:36:21 AM org.apache.catalina.core.ApplicationContext log
INFO: ContextListener: contextInitialized()
мар 11, 2020 12:36:21 AM org.apache.catalina.core.ApplicationContext log
INFO: SessionListener: contextInitialized()
мар 11, 2020 12:36:21 AM org.apache.catalina.core.ApplicationContext log
INFO: ContextListener: attributeAdded('StockTicker', 'async.Stockticker@52e4f6')
мар 11, 2020 12:36:21 AM org.apache.catalina.core.ApplicationContext log
INFO: ContextListener: attributeAdded('org.apache.jasper.compiler.TldLocationsCache', 'org.apache.jasper.compiler.TldLocationsCache@56e34f7e')
мар 11, 2020 12:43:00 AM org.apache.catalina.core.ApplicationContext log
INFO: SessionListener: contextDestroyed()
мар 11, 2020 12:43:00 AM org.apache.catalina.core.ApplicationContext log
INFO: ContextListener: contextDestroyed()
мар 11, 2020 12:47:54 AM org.apache.catalina.core.ApplicationContext log
INFO: ContextListener: contextInitialized()
мар 11, 2020 12:47:54 AM org.apache.catalina.core.ApplicationContext log
INFO: SessionListener: contextInitialized()
мар 11, 2020 12:47:54 AM org.apache.catalina.core.ApplicationContext log
INFO: ContextListener: attributeAdded('StockTicker', 'async.Stockticker@34e0671f')
мар 11, 2020 12:47:54 AM org.apache.catalina.core.ApplicationContext log
INFO: ContextListener: attributeAdded('org.apache.jasper.compiler.TldLocationsCache', 'org.apache.jasper.compiler.TldLocationsCache@156ad869')
мар 11, 2020 12:51:02 AM org.apache.catalina.core.ApplicationContext log
INFO: SessionListener: contextDestroyed()
мар 11, 2020 12:51:02 AM org.apache.catalina.core.ApplicationContext log
INFO: ContextListener: contextDestroyed()
мар 11, 2020 12:51:29 AM org.apache.catalina.core.ApplicationContext log
INFO: ContextListener: contextInitialized()
мар 11, 2020 12:51:29 AM org.apache.catalina.core.ApplicationContext log
INFO: SessionListener: contextInitialized()
мар 11, 2020 12:51:29 AM org.apache.catalina.core.ApplicationContext log
INFO: ContextListener: attributeAdded('StockTicker', 'async.Stockticker@5c30881b')
мар 11, 2020 12:51:29 AM org.apache.catalina.core.ApplicationContext log
INFO: ContextListener: attributeAdded('org.apache.jasper.compiler.TldLocationsCache', 'org.apache.jasper.compiler.TldLocationsCache@7ed3f383')
мар 11, 2020 1:02:34 AM org.apache.catalina.core.ApplicationContext log
INFO: ContextListener: contextInitialized()
мар 11, 2020 1:02:34 AM org.apache.catalina.core.ApplicationContext log
INFO: SessionListener: contextInitialized()
мар 11, 2020 1:02:34 AM org.apache.catalina.core.ApplicationContext log
INFO: ContextListener: attributeAdded('StockTicker', 'async.Stockticker@4153a7ec')
мар 11, 2020 1:02:34 AM org.apache.catalina.core.ApplicationContext log
INFO: ContextListener: attributeAdded('org.apache.jasper.compiler.TldLocationsCache', 'org.apache.jasper.compiler.TldLocationsCache@1406f8ae')
мар 11, 2020 1:05:03 AM org.apache.catalina.core.StandardWrapperValve invoke
SEVERE: Servlet.service() for servlet [jsp] in context with path [/axis] threw exception [javax.servlet.ServletException: java.lang.ExceptionInInitializerError] with root cause
org.apache.commons.logging.LogConfigurationException: Invalid class loader hierarchy.  You have more than one version of 'org.apache.commons.logging.Log' visible, which is not allowed.
	at org.apache.commons.logging.impl.LogFactoryImpl.getLogConstructor(LogFactoryImpl.java:385)
	at org.apache.commons.logging.impl.LogFactoryImpl.newInstance(LogFactoryImpl.java:529)
	at org.apache.commons.logging.impl.LogFactoryImpl.getInstance(LogFactoryImpl.java:235)
	at org.apache.commons.logging.LogFactory.getLog(LogFactory.java:370)
	at org.apache.xml.security.Init.<clinit>(Unknown Source)
	at java.lang.Class.forName0(Native Method)
	at java.lang.Class.forName(Unknown Source)
	at org.apache.jsp.happyaxis_jsp.classExists(happyaxis_jsp.java:42)
	at org.apache.jsp.happyaxis_jsp.probeClass(happyaxis_jsp.java:85)
	at org.apache.jsp.happyaxis_jsp.wantClass(happyaxis_jsp.java:184)
	at org.apache.jsp.happyaxis_jsp._jspService(happyaxis_jsp.java:714)
	at org.apache.jasper.runtime.HttpJspBase.service(HttpJspBase.java:71)
	at javax.servlet.http.HttpServlet.service(HttpServlet.java:728)
	at org.apache.jasper.servlet.JspServletWrapper.service(JspServletWrapper.java:477)
	at org.apache.jasper.servlet.JspServlet.serviceJspFile(JspServlet.java:395)
	at org.apache.jasper.servlet.JspServlet.service(JspServlet.java:339)
	at javax.servlet.http.HttpServlet.service(HttpServlet.java:728)
	at org.apache.catalina.core.ApplicationFilterChain.internalDoFilter(ApplicationFilterChain.java:303)
	at org.apache.catalina.core.ApplicationFilterChain.doFilter(ApplicationFilterChain.java:208)
	at org.apache.tomcat.websocket.server.WsFilter.doFilter(WsFilter.java:52)
	at org.apache.catalina.core.ApplicationFilterChain.internalDoFilter(ApplicationFilterChain.java:241)
	at org.apache.catalina.core.ApplicationFilterChain.doFilter(ApplicationFilterChain.java:208)
	at org.apache.catalina.core.StandardWrapperValve.invoke(StandardWrapperValve.java:219)
	at org.apache.catalina.core.StandardContextValve.invoke(StandardContextValve.java:110)
	at org.apache.catalina.authenticator.AuthenticatorBase.invoke(AuthenticatorBase.java:492)
	at org.apache.catalina.core.StandardHostValve.invoke(StandardHostValve.java:165)
	at org.apache.catalina.valves.ErrorReportValve.invoke(ErrorReportValve.java:104)
	at org.apache.catalina.valves.AccessLogValve.invoke(AccessLogValve.java:1025)
	at org.apache.catalina.core.StandardEngineValve.invoke(StandardEngineValve.java:116)
	at org.apache.catalina.connector.CoyoteAdapter.service(CoyoteAdapter.java:452)
	at org.apache.coyote.http11.AbstractHttp11Processor.process(AbstractHttp11Processor.java:1195)
	at org.apache.coyote.AbstractProtocol$AbstractConnectionHandler.process(AbstractProtocol.java:654)
	at org.apache.tomcat.util.net.JIoEndpoint$SocketProcessor.run(JIoEndpoint.java:319)
	at java.util.concurrent.ThreadPoolExecutor.runWorker(Unknown Source)
	at java.util.concurrent.ThreadPoolExecutor$Worker.run(Unknown Source)
	at org.apache.tomcat.util.threads.TaskThread$WrappingRunnable.run(TaskThread.java:61)
	at java.lang.Thread.run(Unknown Source)

мар 11, 2020 1:43:43 AM org.apache.catalina.core.ApplicationContext log
INFO: ContextListener: contextInitialized()
мар 11, 2020 1:43:43 AM org.apache.catalina.core.ApplicationContext log
INFO: SessionListener: contextInitialized()
мар 11, 2020 1:43:43 AM org.apache.catalina.core.ApplicationContext log
INFO: ContextListener: attributeAdded('StockTicker', 'async.Stockticker@48f8a587')
мар 11, 2020 1:43:43 AM org.apache.catalina.core.ApplicationContext log
INFO: ContextListener: attributeAdded('org.apache.jasper.compiler.TldLocationsCache', 'org.apache.jasper.compiler.TldLocationsCache@2b423bd')
мар 11, 2020 2:02:55 AM org.apache.catalina.core.ApplicationContext log
INFO: ContextListener: contextInitialized()
мар 11, 2020 2:02:55 AM org.apache.catalina.core.ApplicationContext log
INFO: SessionListener: contextInitialized()
мар 11, 2020 2:02:55 AM org.apache.catalina.core.ApplicationContext log
INFO: ContextListener: attributeAdded('StockTicker', 'async.Stockticker@5c30881b')
мар 11, 2020 2:02:55 AM org.apache.catalina.core.ApplicationContext log
INFO: ContextListener: attributeAdded('org.apache.jasper.compiler.TldLocationsCache', 'org.apache.jasper.compiler.TldLocationsCache@7ed3f383')
мар 11, 2020 2:05:49 AM org.apache.catalina.core.ApplicationContext log
INFO: ContextListener: contextInitialized()
мар 11, 2020 2:05:49 AM org.apache.catalina.core.ApplicationContext log
INFO: SessionListener: contextInitialized()
мар 11, 2020 2:05:49 AM org.apache.catalina.core.ApplicationContext log
INFO: ContextListener: attributeAdded('StockTicker', 'async.Stockticker@53d62282')
мар 11, 2020 2:05:49 AM org.apache.catalina.core.ApplicationContext log
INFO: ContextListener: attributeAdded('org.apache.jasper.compiler.TldLocationsCache', 'org.apache.jasper.compiler.TldLocationsCache@22059003')
мар 11, 2020 2:05:51 AM org.apache.catalina.core.ApplicationContext log
INFO: SessionListener: contextDestroyed()
мар 11, 2020 2:05:51 AM org.apache.catalina.core.ApplicationContext log
INFO: ContextListener: contextDestroyed()
мар 11, 2020 2:05:57 AM org.apache.catalina.core.ApplicationContext log
INFO: SessionListener: contextDestroyed()
мар 11, 2020 2:05:57 AM org.apache.catalina.core.ApplicationContext log
INFO: ContextListener: contextDestroyed()
мар 11, 2020 2:06:37 AM org.apache.catalina.core.ApplicationContext log
INFO: ContextListener: contextInitialized()
мар 11, 2020 2:06:37 AM org.apache.catalina.core.ApplicationContext log
INFO: SessionListener: contextInitialized()
мар 11, 2020 2:06:37 AM org.apache.catalina.core.ApplicationContext log
INFO: ContextListener: attributeAdded('StockTicker', 'async.Stockticker@75b1aa5a')
мар 11, 2020 2:06:37 AM org.apache.catalina.core.ApplicationContext log
INFO: ContextListener: attributeAdded('org.apache.jasper.compiler.TldLocationsCache', 'org.apache.jasper.compiler.TldLocationsCache@34fe045d')
мар 11, 2020 2:14:40 AM org.apache.catalina.core.ApplicationContext log
INFO: ContextListener: contextInitialized()
мар 11, 2020 2:14:40 AM org.apache.catalina.core.ApplicationContext log
INFO: SessionListener: contextInitialized()
мар 11, 2020 2:14:40 AM org.apache.catalina.core.ApplicationContext log
INFO: ContextListener: attributeAdded('StockTicker', 'async.Stockticker@6a5f3942')
мар 11, 2020 2:14:40 AM org.apache.catalina.core.ApplicationContext log
INFO: ContextListener: attributeAdded('org.apache.jasper.compiler.TldLocationsCache', 'org.apache.jasper.compiler.TldLocationsCache@1bbfa68')
мар 11, 2020 2:34:35 AM org.apache.catalina.core.ApplicationContext log
INFO: ContextListener: contextInitialized()
мар 11, 2020 2:34:35 AM org.apache.catalina.core.ApplicationContext log
INFO: SessionListener: contextInitialized()
мар 11, 2020 2:34:35 AM org.apache.catalina.core.ApplicationContext log
INFO: ContextListener: attributeAdded('StockTicker', 'async.Stockticker@3b894361')
мар 11, 2020 2:34:35 AM org.apache.catalina.core.ApplicationContext log
INFO: ContextListener: attributeAdded('org.apache.jasper.compiler.TldLocationsCache', 'org.apache.jasper.compiler.TldLocationsCache@7c69ad49')
мар 11, 2020 2:35:12 AM org.apache.catalina.core.ApplicationContext log
INFO: SessionListener: contextDestroyed()
мар 11, 2020 2:35:12 AM org.apache.catalina.core.ApplicationContext log
INFO: ContextListener: contextDestroyed()
мар 11, 2020 2:36:31 AM org.apache.catalina.core.ApplicationContext log
INFO: ContextListener: contextInitialized()
мар 11, 2020 2:36:31 AM org.apache.catalina.core.ApplicationContext log
INFO: SessionListener: contextInitialized()
мар 11, 2020 2:36:31 AM org.apache.catalina.core.ApplicationContext log
INFO: ContextListener: attributeAdded('StockTicker', 'async.Stockticker@6a5f3942')
мар 11, 2020 2:36:31 AM org.apache.catalina.core.ApplicationContext log
INFO: ContextListener: attributeAdded('org.apache.jasper.compiler.TldLocationsCache', 'org.apache.jasper.compiler.TldLocationsCache@1bbfa68')
мар 11, 2020 2:44:03 AM org.apache.catalina.core.ApplicationContext log
INFO: ContextListener: contextInitialized()
мар 11, 2020 2:44:03 AM org.apache.catalina.core.ApplicationContext log
INFO: SessionListener: contextInitialized()
мар 11, 2020 2:44:03 AM org.apache.catalina.core.ApplicationContext log
INFO: ContextListener: attributeAdded('StockTicker', 'async.Stockticker@2feb8da6')
мар 11, 2020 2:44:03 AM org.apache.catalina.core.ApplicationContext log
INFO: ContextListener: attributeAdded('org.apache.jasper.compiler.TldLocationsCache', 'org.apache.jasper.compiler.TldLocationsCache@5287075c')
мар 11, 2020 2:51:57 AM org.apache.catalina.core.ApplicationContext log
INFO: SessionListener: contextDestroyed()
мар 11, 2020 2:51:57 AM org.apache.catalina.core.ApplicationContext log
INFO: ContextListener: contextDestroyed()
мар 11, 2020 1:23:16 PM org.apache.catalina.core.ApplicationContext log
INFO: ContextListener: contextInitialized()
мар 11, 2020 1:23:16 PM org.apache.catalina.core.ApplicationContext log
INFO: SessionListener: contextInitialized()
мар 11, 2020 1:23:16 PM org.apache.catalina.core.ApplicationContext log
INFO: ContextListener: attributeAdded('StockTicker', 'async.Stockticker@1ee3f06a')
мар 11, 2020 1:23:16 PM org.apache.catalina.core.ApplicationContext log
INFO: ContextListener: attributeAdded('org.apache.jasper.compiler.TldLocationsCache', 'org.apache.jasper.compiler.TldLocationsCache@3158a07b')
мар 11, 2020 1:36:21 PM org.apache.catalina.core.ApplicationContext log
INFO: SessionListener: contextDestroyed()
мар 11, 2020 1:36:21 PM org.apache.catalina.core.ApplicationContext log
INFO: ContextListener: contextDestroyed()
мар 11, 2020 5:47:04 PM org.apache.catalina.core.ApplicationContext log
INFO: ContextListener: contextInitialized()
мар 11, 2020 5:47:04 PM org.apache.catalina.core.ApplicationContext log
INFO: SessionListener: contextInitialized()
мар 11, 2020 5:47:04 PM org.apache.catalina.core.ApplicationContext log
INFO: ContextListener: attributeAdded('StockTicker', 'async.Stockticker@2080dd4e')
мар 11, 2020 5:47:04 PM org.apache.catalina.core.ApplicationContext log
INFO: ContextListener: attributeAdded('org.apache.jasper.compiler.TldLocationsCache', 'org.apache.jasper.compiler.TldLocationsCache@7a844ee1')
мар 11, 2020 7:45:59 PM org.apache.catalina.core.ApplicationContext log
INFO: ContextListener: contextInitialized()
мар 11, 2020 7:45:59 PM org.apache.catalina.core.ApplicationContext log
INFO: SessionListener: contextInitialized()
мар 11, 2020 7:45:59 PM org.apache.catalina.core.ApplicationContext log
INFO: ContextListener: attributeAdded('StockTicker', 'async.Stockticker@75818187')
мар 11, 2020 7:45:59 PM org.apache.catalina.core.ApplicationContext log
INFO: ContextListener: attributeAdded('org.apache.jasper.compiler.TldLocationsCache', 'org.apache.jasper.compiler.TldLocationsCache@279ccc1d')
